[0.050s] DEBUG:colcon:Command line arguments: ['/usr/bin/colcon', 'build', '--symlink-install', '--packages-select', 'orbslam_ros2']
[0.050s] DEBUG:colcon:Parsed command line arguments: Namespace(log_base=None, log_level=None, verb_name='build', build_base='build', install_base='install', merge_install=False, symlink_install=True, test_result_base=None, continue_on_error=False, executor='parallel', parallel_workers=32, event_handlers=None, ignore_user_meta=False, metas=['./colcon.meta'], base_paths=['.'], packages_ignore=None, packages_ignore_regex=None, paths=None, packages_up_to=None, packages_up_to_regex=None, packages_above=None, packages_above_and_dependencies=None, packages_above_depth=None, packages_select_by_dep=None, packages_skip_by_dep=None, packages_skip_up_to=None, packages_select_build_failed=False, packages_skip_build_finished=False, packages_select_test_failures=False, packages_skip_test_passed=False, packages_select=['orbslam_ros2'], packages_skip=None, packages_select_regex=None, packages_skip_regex=None, packages_start=None, packages_end=None, allow_overriding=[], cmake_args=None, cmake_target=None, cmake_target_skip_unavailable=False, cmake_clean_cache=False, cmake_clean_first=False, cmake_force_configure=False, ament_cmake_args=None, catkin_cmake_args=None, catkin_skip_building_tests=False, verb_parser=<colcon_defaults.argument_parser.defaults.DefaultArgumentsDecorator object at 0x773d8307ca60>, verb_extension=<colcon_core.verb.build.BuildVerb object at 0x773d831f1f00>, main=<bound method BuildVerb.main of <colcon_core.verb.build.BuildVerb object at 0x773d831f1f00>>)
[0.109s] Level 1:colcon.colcon_core.package_discovery:discover_packages(colcon_meta) check parameters
[0.109s] Level 1:colcon.colcon_core.package_discovery:discover_packages(recursive) check parameters
[0.109s] Level 1:colcon.colcon_core.package_discovery:discover_packages(ignore) check parameters
[0.109s] Level 1:colcon.colcon_core.package_discovery:discover_packages(path) check parameters
[0.109s] Level 1:colcon.colcon_core.package_discovery:discover_packages(colcon_meta) discover
[0.109s] Level 1:colcon.colcon_core.package_discovery:discover_packages(recursive) discover
[0.109s] INFO:colcon.colcon_core.package_discovery:Crawling recursively for packages in '/workspace/ros2_ws'
[0.109s] Level 1:colcon.colcon_core.package_identification:_identify(.) by extensions ['ignore', 'ignore_ament_install']
[0.109s] Level 1:colcon.colcon_core.package_identification:_identify(.) by extension 'ignore'
[0.109s] Level 1:colcon.colcon_core.package_identification:_identify(.) by extension 'ignore_ament_install'
[0.109s] Level 1:colcon.colcon_core.package_identification:_identify(.) by extensions ['colcon_pkg']
[0.109s] Level 1:colcon.colcon_core.package_identification:_identify(.) by extension 'colcon_pkg'
[0.109s] Level 1:colcon.colcon_core.package_identification:_identify(.) by extensions ['colcon_meta']
[0.109s] Level 1:colcon.colcon_core.package_identification:_identify(.) by extension 'colcon_meta'
[0.109s] Level 1:colcon.colcon_core.package_identification:_identify(.) by extensions ['ros']
[0.109s] Level 1:colcon.colcon_core.package_identification:_identify(.) by extension 'ros'
[0.115s] Level 1:colcon.colcon_core.package_identification:_identify(.) by extensions ['cmake', 'python']
[0.115s] Level 1:colcon.colcon_core.package_identification:_identify(.) by extension 'cmake'
[0.115s] Level 1:colcon.colcon_core.package_identification:_identify(.) by extension 'python'
[0.115s] Level 1:colcon.colcon_core.package_identification:_identify(.) by extensions ['python_setup_py']
[0.115s] Level 1:colcon.colcon_core.package_identification:_identify(.) by extension 'python_setup_py'
[0.115s] Level 1:colcon.colcon_core.package_identification:_identify(build) by extensions ['ignore', 'ignore_ament_install']
[0.115s] Level 1:colcon.colcon_core.package_identification:_identify(build) by extension 'ignore'
[0.115s] Level 1:colcon.colcon_core.package_identification:_identify(build) ignored
[0.115s] Level 1:colcon.colcon_core.package_identification:_identify(install) by extensions ['ignore', 'ignore_ament_install']
[0.115s] Level 1:colcon.colcon_core.package_identification:_identify(install) by extension 'ignore'
[0.115s] Level 1:colcon.colcon_core.package_identification:_identify(install) ignored
[0.115s] Level 1:colcon.colcon_core.package_identification:_identify(log) by extensions ['ignore', 'ignore_ament_install']
[0.115s] Level 1:colcon.colcon_core.package_identification:_identify(log) by extension 'ignore'
[0.115s] Level 1:colcon.colcon_core.package_identification:_identify(log) ignored
[0.115s] Level 1:colcon.colcon_core.package_identification:_identify(src) by extensions ['ignore', 'ignore_ament_install']
[0.115s] Level 1:colcon.colcon_core.package_identification:_identify(src) by extension 'ignore'
[0.115s] Level 1:colcon.colcon_core.package_identification:_identify(src) by extension 'ignore_ament_install'
[0.116s] Level 1:colcon.colcon_core.package_identification:_identify(src) by extensions ['colcon_pkg']
[0.116s] Level 1:colcon.colcon_core.package_identification:_identify(src) by extension 'colcon_pkg'
[0.116s] Level 1:colcon.colcon_core.package_identification:_identify(src) by extensions ['colcon_meta']
[0.116s] Level 1:colcon.colcon_core.package_identification:_identify(src) by extension 'colcon_meta'
[0.116s] Level 1:colcon.colcon_core.package_identification:_identify(src) by extensions ['ros']
[0.116s] Level 1:colcon.colcon_core.package_identification:_identify(src) by extension 'ros'
[0.116s] Level 1:colcon.colcon_core.package_identification:_identify(src) by extensions ['cmake', 'python']
[0.116s] Level 1:colcon.colcon_core.package_identification:_identify(src) by extension 'cmake'
[0.116s] Level 1:colcon.colcon_core.package_identification:_identify(src) by extension 'python'
[0.116s] Level 1:colcon.colcon_core.package_identification:_identify(src) by extensions ['python_setup_py']
[0.116s] Level 1:colcon.colcon_core.package_identification:_identify(src) by extension 'python_setup_py'
[0.116s] Level 1:colcon.colcon_core.package_identification:_identify(src/orbslam_ros2) by extensions ['ignore', 'ignore_ament_install']
[0.116s] Level 1:colcon.colcon_core.package_identification:_identify(src/orbslam_ros2) by extension 'ignore'
[0.116s] Level 1:colcon.colcon_core.package_identification:_identify(src/orbslam_ros2) by extension 'ignore_ament_install'
[0.116s] Level 1:colcon.colcon_core.package_identification:_identify(src/orbslam_ros2) by extensions ['colcon_pkg']
[0.116s] Level 1:colcon.colcon_core.package_identification:_identify(src/orbslam_ros2) by extension 'colcon_pkg'
[0.116s] Level 1:colcon.colcon_core.package_identification:_identify(src/orbslam_ros2) by extensions ['colcon_meta']
[0.116s] Level 1:colcon.colcon_core.package_identification:_identify(src/orbslam_ros2) by extension 'colcon_meta'
[0.116s] Level 1:colcon.colcon_core.package_identification:_identify(src/orbslam_ros2) by extensions ['ros']
[0.116s] Level 1:colcon.colcon_core.package_identification:_identify(src/orbslam_ros2) by extension 'ros'
[0.117s] DEBUG:colcon.colcon_core.package_identification:Package 'src/orbslam_ros2' with type 'ros.ament_cmake' and name 'orbslam_ros2'
[0.117s] Level 1:colcon.colcon_core.package_discovery:discover_packages(recursive) using defaults
[0.117s] Level 1:colcon.colcon_core.package_discovery:discover_packages(ignore) discover
[0.117s] Level 1:colcon.colcon_core.package_discovery:discover_packages(ignore) using defaults
[0.117s] Level 1:colcon.colcon_core.package_discovery:discover_packages(path) discover
[0.117s] Level 1:colcon.colcon_core.package_discovery:discover_packages(path) using defaults
[0.128s] Level 1:colcon.colcon_core.package_discovery:discover_packages(prefix_path) check parameters
[0.128s] Level 1:colcon.colcon_core.package_discovery:discover_packages(prefix_path) discover
[0.129s] DEBUG:colcon.colcon_installed_package_information.package_discovery:Found 1 installed packages in /workspace/ros2_ws/install
[0.129s] DEBUG:colcon.colcon_installed_package_information.package_discovery:Found 186 installed packages in /opt/ros/humble
[0.130s] Level 1:colcon.colcon_core.package_discovery:discover_packages(prefix_path) using defaults
[0.143s] Level 5:colcon.colcon_core.verb:set package 'orbslam_ros2' build argument 'cmake_args' from command line to 'None'
[0.143s] Level 5:colcon.colcon_core.verb:set package 'orbslam_ros2' build argument 'cmake_target' from command line to 'None'
[0.143s] Level 5:colcon.colcon_core.verb:set package 'orbslam_ros2' build argument 'cmake_target_skip_unavailable' from command line to 'False'
[0.143s] Level 5:colcon.colcon_core.verb:set package 'orbslam_ros2' build argument 'cmake_clean_cache' from command line to 'False'
[0.143s] Level 5:colcon.colcon_core.verb:set package 'orbslam_ros2' build argument 'cmake_clean_first' from command line to 'False'
[0.143s] Level 5:colcon.colcon_core.verb:set package 'orbslam_ros2' build argument 'cmake_force_configure' from command line to 'False'
[0.143s] Level 5:colcon.colcon_core.verb:set package 'orbslam_ros2' build argument 'ament_cmake_args' from command line to 'None'
[0.143s] Level 5:colcon.colcon_core.verb:set package 'orbslam_ros2' build argument 'catkin_cmake_args' from command line to 'None'
[0.143s] Level 5:colcon.colcon_core.verb:set package 'orbslam_ros2' build argument 'catkin_skip_building_tests' from command line to 'False'
[0.143s] DEBUG:colcon.colcon_core.verb:Building package 'orbslam_ros2' with the following arguments: {'ament_cmake_args': None, 'build_base': '/workspace/ros2_ws/build/orbslam_ros2', 'catkin_cmake_args': None, 'catkin_skip_building_tests': False, 'cmake_args': None, 'cmake_clean_cache': False, 'cmake_clean_first': False, 'cmake_force_configure': False, 'cmake_target': None, 'cmake_target_skip_unavailable': False, 'install_base': '/workspace/ros2_ws/install/orbslam_ros2', 'merge_install': False, 'path': '/workspace/ros2_ws/src/orbslam_ros2', 'symlink_install': True, 'test_result_base': None}
[0.143s] INFO:colcon.colcon_core.executor:Executing jobs using 'parallel' executor
[0.144s] DEBUG:colcon.colcon_parallel_executor.executor.parallel:run_until_complete
[0.144s] INFO:colcon.colcon_ros.task.ament_cmake.build:Building ROS package in '/workspace/ros2_ws/src/orbslam_ros2' with build type 'ament_cmake'
[0.144s] INFO:colcon.colcon_cmake.task.cmake.build:Building CMake package in '/workspace/ros2_ws/src/orbslam_ros2'
[0.145s] INFO:colcon.colcon_core.plugin_system:Skipping extension 'colcon_core.shell.bat': Not used on non-Windows systems
[0.145s] INFO:colcon.colcon_core.shell:Skip shell extension 'powershell' for command environment: Not usable outside of PowerShell
[0.145s] DEBUG:colcon.colcon_core.shell:Skip shell extension 'dsv' for command environment
[0.150s] DEBUG:colcon.colcon_core.event_handler.log_command:Invoking command in '/workspace/ros2_ws/build/orbslam_ros2': CMAKE_PREFIX_PATH=${CMAKE_PREFIX_PATH}:/opt/ros/humble /usr/bin/cmake --build /workspace/ros2_ws/build/orbslam_ros2 -- -j32 -l32
[12.412s] DEBUG:colcon.colcon_core.event_handler.log_command:Invoked command in '/workspace/ros2_ws/build/orbslam_ros2' returned '0': CMAKE_PREFIX_PATH=${CMAKE_PREFIX_PATH}:/opt/ros/humble /usr/bin/cmake --build /workspace/ros2_ws/build/orbslam_ros2 -- -j32 -l32
[12.418s] DEBUG:colcon.colcon_core.event_handler.log_command:Invoking command in '/workspace/ros2_ws/build/orbslam_ros2': CMAKE_PREFIX_PATH=${CMAKE_PREFIX_PATH}:/opt/ros/humble /usr/bin/cmake --install /workspace/ros2_ws/build/orbslam_ros2
[12.430s] Level 1:colcon.colcon_core.environment:create_environment_scripts_only(orbslam_ros2)
[12.431s] DEBUG:colcon.colcon_core.event_handler.log_command:Invoked command in '/workspace/ros2_ws/build/orbslam_ros2' returned '0': CMAKE_PREFIX_PATH=${CMAKE_PREFIX_PATH}:/opt/ros/humble /usr/bin/cmake --install /workspace/ros2_ws/build/orbslam_ros2
[12.432s] Level 1:colcon.colcon_core.environment:checking '/workspace/ros2_ws/install/orbslam_ros2' for CMake module files
[12.432s] Level 1:colcon.colcon_core.environment:checking '/workspace/ros2_ws/install/orbslam_ros2' for CMake config files
[12.433s] Level 1:colcon.colcon_core.shell:create_environment_hook('orbslam_ros2', 'cmake_prefix_path')
[12.433s] INFO:colcon.colcon_core.shell:Creating environment hook '/workspace/ros2_ws/install/orbslam_ros2/share/orbslam_ros2/hook/cmake_prefix_path.ps1'
[12.433s] INFO:colcon.colcon_core.shell:Creating environment descriptor '/workspace/ros2_ws/install/orbslam_ros2/share/orbslam_ros2/hook/cmake_prefix_path.dsv'
[12.433s] INFO:colcon.colcon_core.shell:Creating environment hook '/workspace/ros2_ws/install/orbslam_ros2/share/orbslam_ros2/hook/cmake_prefix_path.sh'
[12.434s] Level 1:colcon.colcon_core.environment:checking '/workspace/ros2_ws/install/orbslam_ros2/lib'
[12.434s] Level 1:colcon.colcon_core.environment:checking '/workspace/ros2_ws/install/orbslam_ros2/bin'
[12.434s] Level 1:colcon.colcon_core.environment:checking '/workspace/ros2_ws/install/orbslam_ros2/lib/pkgconfig/orbslam_ros2.pc'
[12.434s] Level 1:colcon.colcon_core.environment:checking '/workspace/ros2_ws/install/orbslam_ros2/lib/python3.10/site-packages'
[12.434s] Level 1:colcon.colcon_core.environment:checking '/workspace/ros2_ws/install/orbslam_ros2/bin'
[12.434s] INFO:colcon.colcon_core.shell:Creating package script '/workspace/ros2_ws/install/orbslam_ros2/share/orbslam_ros2/package.ps1'
[12.435s] INFO:colcon.colcon_core.shell:Creating package descriptor '/workspace/ros2_ws/install/orbslam_ros2/share/orbslam_ros2/package.dsv'
[12.435s] INFO:colcon.colcon_core.shell:Creating package script '/workspace/ros2_ws/install/orbslam_ros2/share/orbslam_ros2/package.sh'
[12.435s] INFO:colcon.colcon_core.shell:Creating package script '/workspace/ros2_ws/install/orbslam_ros2/share/orbslam_ros2/package.bash'
[12.436s] INFO:colcon.colcon_core.shell:Creating package script '/workspace/ros2_ws/install/orbslam_ros2/share/orbslam_ros2/package.zsh'
[12.436s] Level 1:colcon.colcon_core.environment:create_file_with_runtime_dependencies(/workspace/ros2_ws/install/orbslam_ros2/share/colcon-core/packages/orbslam_ros2)
[12.436s] Level 1:colcon.colcon_core.environment:create_environment_scripts_only(orbslam_ros2)
[12.436s] Level 1:colcon.colcon_core.environment:checking '/workspace/ros2_ws/install/orbslam_ros2' for CMake module files
[12.437s] Level 1:colcon.colcon_core.environment:checking '/workspace/ros2_ws/install/orbslam_ros2' for CMake config files
[12.437s] Level 1:colcon.colcon_core.shell:create_environment_hook('orbslam_ros2', 'cmake_prefix_path')
[12.437s] INFO:colcon.colcon_core.shell:Creating environment hook '/workspace/ros2_ws/install/orbslam_ros2/share/orbslam_ros2/hook/cmake_prefix_path.ps1'
[12.437s] INFO:colcon.colcon_core.shell:Creating environment descriptor '/workspace/ros2_ws/install/orbslam_ros2/share/orbslam_ros2/hook/cmake_prefix_path.dsv'
[12.437s] INFO:colcon.colcon_core.shell:Creating environment hook '/workspace/ros2_ws/install/orbslam_ros2/share/orbslam_ros2/hook/cmake_prefix_path.sh'
[12.438s] Level 1:colcon.colcon_core.environment:checking '/workspace/ros2_ws/install/orbslam_ros2/lib'
[12.438s] Level 1:colcon.colcon_core.environment:checking '/workspace/ros2_ws/install/orbslam_ros2/bin'
[12.438s] Level 1:colcon.colcon_core.environment:checking '/workspace/ros2_ws/install/orbslam_ros2/lib/pkgconfig/orbslam_ros2.pc'
[12.438s] Level 1:colcon.colcon_core.environment:checking '/workspace/ros2_ws/install/orbslam_ros2/lib/python3.10/site-packages'
[12.438s] Level 1:colcon.colcon_core.environment:checking '/workspace/ros2_ws/install/orbslam_ros2/bin'
[12.438s] INFO:colcon.colcon_core.shell:Creating package script '/workspace/ros2_ws/install/orbslam_ros2/share/orbslam_ros2/package.ps1'
[12.444s] INFO:colcon.colcon_core.shell:Creating package descriptor '/workspace/ros2_ws/install/orbslam_ros2/share/orbslam_ros2/package.dsv'
[12.444s] INFO:colcon.colcon_core.shell:Creating package script '/workspace/ros2_ws/install/orbslam_ros2/share/orbslam_ros2/package.sh'
[12.444s] INFO:colcon.colcon_core.shell:Creating package script '/workspace/ros2_ws/install/orbslam_ros2/share/orbslam_ros2/package.bash'
[12.444s] INFO:colcon.colcon_core.shell:Creating package script '/workspace/ros2_ws/install/orbslam_ros2/share/orbslam_ros2/package.zsh'
[12.445s] Level 1:colcon.colcon_core.environment:create_file_with_runtime_dependencies(/workspace/ros2_ws/install/orbslam_ros2/share/colcon-core/packages/orbslam_ros2)
[12.445s] DEBUG:colcon.colcon_parallel_executor.executor.parallel:closing loop
[12.445s] DEBUG:colcon.colcon_parallel_executor.executor.parallel:loop closed
[12.445s] DEBUG:colcon.colcon_parallel_executor.executor.parallel:run_until_complete finished with '0'
[12.445s] DEBUG:colcon.colcon_core.event_reactor:joining thread
[12.448s] INFO:colcon.colcon_core.plugin_system:Skipping extension 'colcon_notification.desktop_notification.notify_send': Could not find 'notify-send'
[12.448s] INFO:colcon.colcon_core.plugin_system:Skipping extension 'colcon_notification.desktop_notification.terminal_notifier': Not used on non-Darwin systems
[12.448s] INFO:colcon.colcon_core.plugin_system:Skipping extension 'colcon_notification.desktop_notification.win32': Not used on non-Windows systems
[12.448s] INFO:colcon.colcon_notification.desktop_notification:Sending desktop notification using 'notify2'
[12.450s] DEBUG:colcon.colcon_notification.desktop_notification.notify2:Failed to initialize notify2: org.freedesktop.DBus.Error.Spawn.ExecFailed: /usr/bin/dbus-launch terminated abnormally without any error message
[12.451s] DEBUG:colcon.colcon_core.event_reactor:joined thread
[12.451s] INFO:colcon.colcon_core.shell:Creating prefix script '/workspace/ros2_ws/install/local_setup.ps1'
[12.452s] INFO:colcon.colcon_core.shell:Creating prefix util module '/workspace/ros2_ws/install/_local_setup_util_ps1.py'
[12.452s] INFO:colcon.colcon_core.shell:Creating prefix chain script '/workspace/ros2_ws/install/setup.ps1'
[12.453s] INFO:colcon.colcon_core.shell:Creating prefix script '/workspace/ros2_ws/install/local_setup.sh'
[12.453s] INFO:colcon.colcon_core.shell:Creating prefix util module '/workspace/ros2_ws/install/_local_setup_util_sh.py'
[12.454s] INFO:colcon.colcon_core.shell:Creating prefix chain script '/workspace/ros2_ws/install/setup.sh'
[12.454s] INFO:colcon.colcon_core.shell:Creating prefix script '/workspace/ros2_ws/install/local_setup.bash'
[12.454s] INFO:colcon.colcon_core.shell:Creating prefix chain script '/workspace/ros2_ws/install/setup.bash'
[12.455s] INFO:colcon.colcon_core.shell:Creating prefix script '/workspace/ros2_ws/install/local_setup.zsh'
[12.455s] INFO:colcon.colcon_core.shell:Creating prefix chain script '/workspace/ros2_ws/install/setup.zsh'
