[0.005s] Invoking command in '/workspace/ros2_ws/build/orbslam_ros2': CMAKE_PREFIX_PATH=/opt/ros/humble /usr/bin/cmake /workspace/ros2_ws/src/orbslam_ros2 -DAMENT_CMAKE_SYMLINK_INSTALL=1 -DCMAKE_INSTALL_PREFIX=/workspace/ros2_ws/install/orbslam_ros2
[0.016s] -- Found ament_cmake: 1.3.14 (/opt/ros/humble/share/ament_cmake/cmake)
[0.089s] -- Found Python3: /usr/bin/python3 (found version "3.10.12") found components: Interpreter 
[0.122s] -- Override CMake install command with custom implementation using symlinks instead of copying resources
[0.136s] -- Found rclcpp: 16.0.19 (/opt/ros/humble/share/rclcpp/cmake)
[0.156s] -- Found rosidl_generator_c: 3.1.8 (/opt/ros/humble/share/rosidl_generator_c/cmake)
[0.159s] -- Found rosidl_adapter: 3.1.8 (/opt/ros/humble/share/rosidl_adapter/cmake)
[0.164s] -- Found rosidl_generator_cpp: 3.1.8 (/opt/ros/humble/share/rosidl_generator_cpp/cmake)
[0.170s] -- Using all available rosidl_typesupport_c: rosidl_typesupport_fastrtps_c;rosidl_typesupport_introspection_c
[0.179s] -- Using all available rosidl_typesupport_cpp: rosidl_typesupport_fastrtps_cpp;rosidl_typesupport_introspection_cpp
[0.201s] -- Found rmw_implementation_cmake: 6.1.2 (/opt/ros/humble/share/rmw_implementation_cmake/cmake)
[0.202s] -- Found rmw_fastrtps_cpp: 6.2.10 (/opt/ros/humble/share/rmw_fastrtps_cpp/cmake)
[0.260s] -- Found OpenSSL: /usr/lib/x86_64-linux-gnu/libcrypto.so (found version "3.0.2")  
[0.276s] -- Found FastRTPS: /opt/ros/humble/include  
[0.301s] -- Using RMW implementation 'rmw_fastrtps_cpp' as default
[0.306s] -- Looking for pthread.h
[0.351s] -- Looking for pthread.h - found
[0.351s] -- Performing Test CMAKE_HAVE_LIBC_PTHREAD
[0.397s] -- Performing Test CMAKE_HAVE_LIBC_PTHREAD - Success
[0.398s] -- Found Threads: TRUE  
[0.426s] -- Found sensor_msgs: 4.9.1 (/opt/ros/humble/share/sensor_msgs/cmake)
[0.443s] -- Found nav_msgs: 4.9.1 (/opt/ros/humble/share/nav_msgs/cmake)
[0.453s] -- Found tf2: 0.25.20 (/opt/ros/humble/share/tf2/cmake)
[0.459s] -- Found tf2_ros: 0.25.20 (/opt/ros/humble/share/tf2_ros/cmake)
[0.506s] -- Found cv_bridge: 3.2.1 (/opt/ros/humble/share/cv_bridge/cmake)
[0.512s] -- Found image_transport: 3.1.12 (/opt/ros/humble/share/image_transport/cmake)
[0.525s] -- Found OpenCV: /usr (found version "4.5.4") 
[0.562s] -- Configuring done
[0.574s] -- Generating done
[0.577s] -- Build files have been written to: /workspace/ros2_ws/build/orbslam_ros2
[0.582s] Invoked command in '/workspace/ros2_ws/build/orbslam_ros2' returned '0': CMAKE_PREFIX_PATH=/opt/ros/humble /usr/bin/cmake /workspace/ros2_ws/src/orbslam_ros2 -DAMENT_CMAKE_SYMLINK_INSTALL=1 -DCMAKE_INSTALL_PREFIX=/workspace/ros2_ws/install/orbslam_ros2
[0.583s] Invoking command in '/workspace/ros2_ws/build/orbslam_ros2': CMAKE_PREFIX_PATH=/opt/ros/humble /usr/bin/cmake --build /workspace/ros2_ws/build/orbslam_ros2 -- -j32 -l32
[0.617s] [ 50%] [32mBuilding CXX object CMakeFiles/rgbd_node.dir/src/rgbd_node.cpp.o[0m
[1.015s] In file included from [01m[K/workspace/ORB_SLAM3/Thirdparty/Sophus/sophus/se2.hpp:7[m[K,
[1.015s]                  from [01m[K/workspace/ORB_SLAM3/Thirdparty/Sophus/sophus/geometry.hpp:7[m[K,
[1.015s]                  from [01m[K/workspace/ORB_SLAM3/include/Frame.h:28[m[K,
[1.015s]                  from [01m[K/workspace/ORB_SLAM3/include/KeyFrame.h:28[m[K,
[1.015s]                  from [01m[K/workspace/ORB_SLAM3/include/MapPoint.h:23[m[K,
[1.015s]                  from [01m[K/workspace/ORB_SLAM3/include/FrameDrawer.h:24[m[K,
[1.015s]                  from [01m[K/workspace/ORB_SLAM3/include/Viewer.h:23[m[K,
[1.015s]                  from [01m[K/workspace/ORB_SLAM3/include/Tracking.h:26[m[K,
[1.015s]                  from [01m[K/workspace/ORB_SLAM3/include/System.h:31[m[K,
[1.015s]                  from [01m[K/workspace/ros2_ws/src/orbslam_ros2/src/rgbd_node.cpp:14[m[K:
[1.015s] [01m[K/workspace/ORB_SLAM3/Thirdparty/Sophus/sophus/so2.hpp:12:10:[m[K [01;31m[Kfatal error: [m[KEigen/LU: No such file or directory
[1.015s]    12 | #include [01;31m[K<Eigen/LU>[m[K
[1.015s]       |          [01;31m[K^~~~~~~~~~[m[K
[1.015s] compilation terminated.
[1.019s] gmake[2]: *** [CMakeFiles/rgbd_node.dir/build.make:76: CMakeFiles/rgbd_node.dir/src/rgbd_node.cpp.o] Error 1
[1.019s] gmake[1]: *** [CMakeFiles/Makefile2:137: CMakeFiles/rgbd_node.dir/all] Error 2
[1.019s] gmake: *** [Makefile:146: all] Error 2
[1.022s] Invoked command in '/workspace/ros2_ws/build/orbslam_ros2' returned '2': CMAKE_PREFIX_PATH=/opt/ros/humble /usr/bin/cmake --build /workspace/ros2_ws/build/orbslam_ros2 -- -j32 -l32
