[0.005s] Invoking command in '/workspace/ros2_ws/build/orbslam_ros2': CMAKE_PREFIX_PATH=/opt/ros/humble /usr/bin/cmake --build /workspace/ros2_ws/build/orbslam_ros2 -- -j32 -l32
[0.024s] -- Found ament_cmake: 1.3.14 (/opt/ros/humble/share/ament_cmake/cmake)
[0.084s] -- Override CMake install command with custom implementation using symlinks instead of copying resources
[0.089s] -- Found rclcpp: 16.0.19 (/opt/ros/humble/share/rclcpp/cmake)
[0.105s] -- Found rosidl_generator_c: 3.1.8 (/opt/ros/humble/share/rosidl_generator_c/cmake)
[0.106s] -- Found rosidl_adapter: 3.1.8 (/opt/ros/humble/share/rosidl_adapter/cmake)
[0.110s] -- Found rosidl_generator_cpp: 3.1.8 (/opt/ros/humble/share/rosidl_generator_cpp/cmake)
[0.115s] -- Using all available rosidl_typesupport_c: rosidl_typesupport_fastrtps_c;rosidl_typesupport_introspection_c
[0.122s] -- Using all available rosidl_typesupport_cpp: rosidl_typesupport_fastrtps_cpp;rosidl_typesupport_introspection_cpp
[0.139s] -- Found rmw_implementation_cmake: 6.1.2 (/opt/ros/humble/share/rmw_implementation_cmake/cmake)
[0.140s] -- Found rmw_fastrtps_cpp: 6.2.10 (/opt/ros/humble/share/rmw_fastrtps_cpp/cmake)
[0.202s] -- Using RMW implementation 'rmw_fastrtps_cpp' as default
[0.228s] -- Found sensor_msgs: 4.9.1 (/opt/ros/humble/share/sensor_msgs/cmake)
[0.243s] -- Found nav_msgs: 4.9.1 (/opt/ros/humble/share/nav_msgs/cmake)
[0.251s] -- Found tf2: 0.25.20 (/opt/ros/humble/share/tf2/cmake)
[0.253s] -- Found tf2_ros: 0.25.20 (/opt/ros/humble/share/tf2_ros/cmake)
[0.294s] -- Found cv_bridge: 3.2.1 (/opt/ros/humble/share/cv_bridge/cmake)
[0.298s] -- Found image_transport: 3.1.12 (/opt/ros/humble/share/image_transport/cmake)
[0.310s] [33mCMake Warning (dev) at /usr/share/cmake-3.22/Modules/FindOpenGL.cmake:315 (message):
[0.310s]   Policy CMP0072 is not set: FindOpenGL prefers GLVND by default when
[0.310s]   available.  Run "cmake --help-policy CMP0072" for policy details.  Use the
[0.310s]   cmake_policy command to set the policy and suppress this warning.
[0.310s] 
[0.310s]   FindOpenGL found both a legacy GL library:
[0.310s] 
[0.310s]     OPENGL_gl_LIBRARY: /usr/lib/x86_64-linux-gnu/libGL.so
[0.310s] 
[0.310s]   and GLVND libraries for OpenGL and GLX:
[0.310s] 
[0.310s]     OPENGL_opengl_LIBRARY: /usr/lib/x86_64-linux-gnu/libOpenGL.so
[0.310s]     OPENGL_glx_LIBRARY: /usr/lib/x86_64-linux-gnu/libGLX.so
[0.310s] 
[0.311s]   OpenGL_GL_PREFERENCE has not been set to "GLVND" or "LEGACY", so for
[0.311s]   compatibility with CMake 3.10 and below the legacy GL library will be used.
[0.311s] Call Stack (most recent call first):
[0.311s]   CMakeLists.txt:24 (find_package)
[0.311s] This warning is for project developers.  Use -Wno-dev to suppress it.
[0.311s] [0m
[0.371s] -- Configuring done
[0.385s] -- Generating done
[0.388s] -- Build files have been written to: /workspace/ros2_ws/build/orbslam_ros2
[0.406s] [35m[1mConsolidate compiler generated dependencies of target rgbd_node[0m
[0.427s] [ 50%] [32mBuilding CXX object CMakeFiles/rgbd_node.dir/src/rgbd_node.cpp.o[0m
[3.059s] In file included from [01m[K/workspace/ORB_SLAM3/include/Frame.h:30[m[K,
[3.059s]                  from [01m[K/workspace/ORB_SLAM3/include/KeyFrame.h:28[m[K,
[3.059s]                  from [01m[K/workspace/ORB_SLAM3/include/MapPoint.h:23[m[K,
[3.059s]                  from [01m[K/workspace/ORB_SLAM3/include/FrameDrawer.h:24[m[K,
[3.059s]                  from [01m[K/workspace/ORB_SLAM3/include/Viewer.h:23[m[K,
[3.059s]                  from [01m[K/workspace/ORB_SLAM3/include/Tracking.h:26[m[K,
[3.059s]                  from [01m[K/workspace/ORB_SLAM3/include/System.h:31[m[K,
[3.059s]                  from [01m[K/workspace/ros2_ws/src/orbslam_ros2/src/rgbd_node.cpp:14[m[K:
[3.059s] [01m[K/workspace/ORB_SLAM3/include/ImuTypes.h:[m[K In member function ‘[01m[Kvoid ORB_SLAM3::IMU::Preintegrated::printMeasurements() const[m[K’:
[3.059s] [01m[K/workspace/ORB_SLAM3/include/ImuTypes.h:204:23:[m[K [01;35m[Kwarning: [m[Kcomparison of integer expressions of different signedness: ‘[01m[Kint[m[K’ and ‘[01m[Kstd::vector<ORB_SLAM3::IMU::Preintegrated::integrable>::size_type[m[K’ {aka ‘[01m[Klong unsigned int[m[K’} [[01;35m[K-Wsign-compare[m[K]
[3.059s]   204 |         for(int i=0; [01;35m[Ki<mvMeasurements.size()[m[K; i++){
[3.060s]       |                      [01;35m[K~^~~~~~~~~~~~~~~~~~~~~~[m[K
[3.100s] In file included from [01m[K/workspace/ORB_SLAM3/Thirdparty/g2o/g2o/types/types_six_dof_expmap.h:37[m[K,
[3.100s]                  from [01m[K/workspace/ORB_SLAM3/include/Converter.h:26[m[K,
[3.100s]                  from [01m[K/workspace/ORB_SLAM3/include/Frame.h:33[m[K,
[3.100s]                  from [01m[K/workspace/ORB_SLAM3/include/KeyFrame.h:28[m[K,
[3.100s]                  from [01m[K/workspace/ORB_SLAM3/include/MapPoint.h:23[m[K,
[3.100s]                  from [01m[K/workspace/ORB_SLAM3/include/FrameDrawer.h:24[m[K,
[3.100s]                  from [01m[K/workspace/ORB_SLAM3/include/Viewer.h:23[m[K,
[3.100s]                  from [01m[K/workspace/ORB_SLAM3/include/Tracking.h:26[m[K,
[3.100s]                  from [01m[K/workspace/ORB_SLAM3/include/System.h:31[m[K,
[3.100s]                  from [01m[K/workspace/ros2_ws/src/orbslam_ros2/src/rgbd_node.cpp:14[m[K:
[3.100s] [01m[K/workspace/ORB_SLAM3/Thirdparty/g2o/g2o/types/../core/base_vertex.h:[m[K At global scope:
[3.100s] [01m[K/workspace/ORB_SLAM3/Thirdparty/g2o/g2o/types/../core/base_vertex.h:62:74:[m[K [01;35m[Kwarning: [m[K‘[01m[KEigen::AlignedBit[m[K’ is deprecated [[01;35m[K-Wdeprecated-declarations[m[K]
[3.100s]    62 |     typedef Eigen::Map<Matrix<double, D, D>, Matrix<double,D,D>::Flags & [01;35m[KAlignedBit[m[K ? Aligned : Unaligned >  HessianBlockType;
[3.100s]       |                                                                          [01;35m[K^~~~~~~~~~[m[K
[3.100s] In file included from [01m[K/usr/include/eigen3/Eigen/Core:161[m[K,
[3.100s]                  from [01m[K/usr/include/eigen3/Eigen/LU:11[m[K,
[3.100s]                  from [01m[K/workspace/ORB_SLAM3/Thirdparty/Sophus/sophus/so2.hpp:12[m[K,
[3.100s]                  from [01m[K/workspace/ORB_SLAM3/Thirdparty/Sophus/sophus/se2.hpp:7[m[K,
[3.100s]                  from [01m[K/workspace/ORB_SLAM3/Thirdparty/Sophus/sophus/geometry.hpp:7[m[K,
[3.100s]                  from [01m[K/workspace/ORB_SLAM3/include/Frame.h:28[m[K,
[3.100s]                  from [01m[K/workspace/ORB_SLAM3/include/KeyFrame.h:28[m[K,
[3.101s]                  from [01m[K/workspace/ORB_SLAM3/include/MapPoint.h:23[m[K,
[3.101s]                  from [01m[K/workspace/ORB_SLAM3/include/FrameDrawer.h:24[m[K,
[3.101s]                  from [01m[K/workspace/ORB_SLAM3/include/Viewer.h:23[m[K,
[3.101s]                  from [01m[K/workspace/ORB_SLAM3/include/Tracking.h:26[m[K,
[3.101s]                  from [01m[K/workspace/ORB_SLAM3/include/System.h:31[m[K,
[3.101s]                  from [01m[K/workspace/ros2_ws/src/orbslam_ros2/src/rgbd_node.cpp:14[m[K:
[3.101s] [01m[K/usr/include/eigen3/Eigen/src/Core/util/Constants.h:167:37:[m[K [01;36m[Knote: [m[Kdeclared here
[3.101s]   167 | EIGEN_DEPRECATED const unsigned int [01;36m[KAlignedBit[m[K = 0x80;
[3.101s]       |                                     [01;36m[K^~~~~~~~~~[m[K
[3.110s] In file included from [01m[K/workspace/ORB_SLAM3/Thirdparty/g2o/g2o/types/types_six_dof_expmap.h:38[m[K,
[3.110s]                  from [01m[K/workspace/ORB_SLAM3/include/Converter.h:26[m[K,
[3.110s]                  from [01m[K/workspace/ORB_SLAM3/include/Frame.h:33[m[K,
[3.110s]                  from [01m[K/workspace/ORB_SLAM3/include/KeyFrame.h:28[m[K,
[3.110s]                  from [01m[K/workspace/ORB_SLAM3/include/MapPoint.h:23[m[K,
[3.110s]                  from [01m[K/workspace/ORB_SLAM3/include/FrameDrawer.h:24[m[K,
[3.110s]                  from [01m[K/workspace/ORB_SLAM3/include/Viewer.h:23[m[K,
[3.110s]                  from [01m[K/workspace/ORB_SLAM3/include/Tracking.h:26[m[K,
[3.110s]                  from [01m[K/workspace/ORB_SLAM3/include/System.h:31[m[K,
[3.110s]                  from [01m[K/workspace/ros2_ws/src/orbslam_ros2/src/rgbd_node.cpp:14[m[K:
[3.110s] [01m[K/workspace/ORB_SLAM3/Thirdparty/g2o/g2o/types/../core/base_binary_edge.h:59:82:[m[K [01;35m[Kwarning: [m[K‘[01m[KEigen::AlignedBit[m[K’ is deprecated [[01;35m[K-Wdeprecated-declarations[m[K]
[3.110s]    59 |       typedef Eigen::Map<Matrix<double, Di, Dj>, Matrix<double, Di, Dj>::Flags & [01;35m[KAlignedBit[m[K ? Aligned : Unaligned > HessianBlockType;
[3.110s]       |                                                                                  [01;35m[K^~~~~~~~~~[m[K
[3.110s] In file included from [01m[K/usr/include/eigen3/Eigen/Core:161[m[K,
[3.110s]                  from [01m[K/usr/include/eigen3/Eigen/LU:11[m[K,
[3.110s]                  from [01m[K/workspace/ORB_SLAM3/Thirdparty/Sophus/sophus/so2.hpp:12[m[K,
[3.110s]                  from [01m[K/workspace/ORB_SLAM3/Thirdparty/Sophus/sophus/se2.hpp:7[m[K,
[3.110s]                  from [01m[K/workspace/ORB_SLAM3/Thirdparty/Sophus/sophus/geometry.hpp:7[m[K,
[3.110s]                  from [01m[K/workspace/ORB_SLAM3/include/Frame.h:28[m[K,
[3.110s]                  from [01m[K/workspace/ORB_SLAM3/include/KeyFrame.h:28[m[K,
[3.110s]                  from [01m[K/workspace/ORB_SLAM3/include/MapPoint.h:23[m[K,
[3.110s]                  from [01m[K/workspace/ORB_SLAM3/include/FrameDrawer.h:24[m[K,
[3.110s]                  from [01m[K/workspace/ORB_SLAM3/include/Viewer.h:23[m[K,
[3.110s]                  from [01m[K/workspace/ORB_SLAM3/include/Tracking.h:26[m[K,
[3.110s]                  from [01m[K/workspace/ORB_SLAM3/include/System.h:31[m[K,
[3.110s]                  from [01m[K/workspace/ros2_ws/src/orbslam_ros2/src/rgbd_node.cpp:14[m[K:
[3.110s] [01m[K/usr/include/eigen3/Eigen/src/Core/util/Constants.h:167:37:[m[K [01;36m[Knote: [m[Kdeclared here
[3.110s]   167 | EIGEN_DEPRECATED const unsigned int [01;36m[KAlignedBit[m[K = 0x80;
[3.111s]       |                                     [01;36m[K^~~~~~~~~~[m[K
[3.111s] In file included from [01m[K/workspace/ORB_SLAM3/Thirdparty/g2o/g2o/types/types_six_dof_expmap.h:38[m[K,
[3.111s]                  from [01m[K/workspace/ORB_SLAM3/include/Converter.h:26[m[K,
[3.111s]                  from [01m[K/workspace/ORB_SLAM3/include/Frame.h:33[m[K,
[3.111s]                  from [01m[K/workspace/ORB_SLAM3/include/KeyFrame.h:28[m[K,
[3.111s]                  from [01m[K/workspace/ORB_SLAM3/include/MapPoint.h:23[m[K,
[3.111s]                  from [01m[K/workspace/ORB_SLAM3/include/FrameDrawer.h:24[m[K,
[3.111s]                  from [01m[K/workspace/ORB_SLAM3/include/Viewer.h:23[m[K,
[3.111s]                  from [01m[K/workspace/ORB_SLAM3/include/Tracking.h:26[m[K,
[3.111s]                  from [01m[K/workspace/ORB_SLAM3/include/System.h:31[m[K,
[3.111s]                  from [01m[K/workspace/ros2_ws/src/orbslam_ros2/src/rgbd_node.cpp:14[m[K:
[3.111s] [01m[K/workspace/ORB_SLAM3/Thirdparty/g2o/g2o/types/../core/base_binary_edge.h:60:82:[m[K [01;35m[Kwarning: [m[K‘[01m[KEigen::AlignedBit[m[K’ is deprecated [[01;35m[K-Wdeprecated-declarations[m[K]
[3.111s]    60 |       typedef Eigen::Map<Matrix<double, Dj, Di>, Matrix<double, Dj, Di>::Flags & [01;35m[KAlignedBit[m[K ? Aligned : Unaligned > HessianBlockTransposedType;
[3.111s]       |                                                                                  [01;35m[K^~~~~~~~~~[m[K
[3.111s] In file included from [01m[K/usr/include/eigen3/Eigen/Core:161[m[K,
[3.111s]                  from [01m[K/usr/include/eigen3/Eigen/LU:11[m[K,
[3.111s]                  from [01m[K/workspace/ORB_SLAM3/Thirdparty/Sophus/sophus/so2.hpp:12[m[K,
[3.111s]                  from [01m[K/workspace/ORB_SLAM3/Thirdparty/Sophus/sophus/se2.hpp:7[m[K,
[3.111s]                  from [01m[K/workspace/ORB_SLAM3/Thirdparty/Sophus/sophus/geometry.hpp:7[m[K,
[3.111s]                  from [01m[K/workspace/ORB_SLAM3/include/Frame.h:28[m[K,
[3.111s]                  from [01m[K/workspace/ORB_SLAM3/include/KeyFrame.h:28[m[K,
[3.111s]                  from [01m[K/workspace/ORB_SLAM3/include/MapPoint.h:23[m[K,
[3.111s]                  from [01m[K/workspace/ORB_SLAM3/include/FrameDrawer.h:24[m[K,
[3.111s]                  from [01m[K/workspace/ORB_SLAM3/include/Viewer.h:23[m[K,
[3.111s]                  from [01m[K/workspace/ORB_SLAM3/include/Tracking.h:26[m[K,
[3.111s]                  from [01m[K/workspace/ORB_SLAM3/include/System.h:31[m[K,
[3.111s]                  from [01m[K/workspace/ros2_ws/src/orbslam_ros2/src/rgbd_node.cpp:14[m[K:
[3.111s] [01m[K/usr/include/eigen3/Eigen/src/Core/util/Constants.h:167:37:[m[K [01;36m[Knote: [m[Kdeclared here
[3.111s]   167 | EIGEN_DEPRECATED const unsigned int [01;36m[KAlignedBit[m[K = 0x80;
[3.111s]       |                                     [01;36m[K^~~~~~~~~~[m[K
[3.132s] In file included from [01m[K/workspace/ORB_SLAM3/Thirdparty/g2o/g2o/types/types_six_dof_expmap.h:41[m[K,
[3.132s]                  from [01m[K/workspace/ORB_SLAM3/include/Converter.h:26[m[K,
[3.132s]                  from [01m[K/workspace/ORB_SLAM3/include/Frame.h:33[m[K,
[3.132s]                  from [01m[K/workspace/ORB_SLAM3/include/KeyFrame.h:28[m[K,
[3.132s]                  from [01m[K/workspace/ORB_SLAM3/include/MapPoint.h:23[m[K,
[3.132s]                  from [01m[K/workspace/ORB_SLAM3/include/FrameDrawer.h:24[m[K,
[3.132s]                  from [01m[K/workspace/ORB_SLAM3/include/Viewer.h:23[m[K,
[3.132s]                  from [01m[K/workspace/ORB_SLAM3/include/Tracking.h:26[m[K,
[3.132s]                  from [01m[K/workspace/ORB_SLAM3/include/System.h:31[m[K,
[3.132s]                  from [01m[K/workspace/ros2_ws/src/orbslam_ros2/src/rgbd_node.cpp:14[m[K:
[3.132s] [01m[K/workspace/ORB_SLAM3/Thirdparty/g2o/g2o/types/se3quat.h:43:38:[m[K [01;35m[Kwarning: [m[Kextra ‘[01m[K;[m[K’ [[01;35m[K-Wpedantic[m[K]
[3.132s]    43 |       EIGEN_MAKE_ALIGNED_OPERATOR_NEW[01;35m[K;[m[K
[3.132s]       |                                      [01;35m[K^[m[K
[3.132s]       |                                      [31m[K-[m[K
[3.306s] In file included from [01m[K/workspace/ORB_SLAM3/Thirdparty/g2o/g2o/types/types_six_dof_expmap.h:37[m[K,
[3.306s]                  from [01m[K/workspace/ORB_SLAM3/include/Converter.h:26[m[K,
[3.306s]                  from [01m[K/workspace/ORB_SLAM3/include/Frame.h:33[m[K,
[3.306s]                  from [01m[K/workspace/ORB_SLAM3/include/KeyFrame.h:28[m[K,
[3.306s]                  from [01m[K/workspace/ORB_SLAM3/include/MapPoint.h:23[m[K,
[3.306s]                  from [01m[K/workspace/ORB_SLAM3/include/FrameDrawer.h:24[m[K,
[3.306s]                  from [01m[K/workspace/ORB_SLAM3/include/Viewer.h:23[m[K,
[3.306s]                  from [01m[K/workspace/ORB_SLAM3/include/Tracking.h:26[m[K,
[3.306s]                  from [01m[K/workspace/ORB_SLAM3/include/System.h:31[m[K,
[3.306s]                  from [01m[K/workspace/ros2_ws/src/orbslam_ros2/src/rgbd_node.cpp:14[m[K:
[3.306s] /workspace/ORB_SLAM3/Thirdparty/g2o/g2o/types/../core/base_vertex.h: In instantiation of ‘[01m[Kclass g2o::BaseVertex<3, Eigen::Matrix<double, 3, 1> >[m[K’:
[3.306s] [01m[K/workspace/ORB_SLAM3/Thirdparty/g2o/g2o/types/types_sba.h:40:35:[m[K   required from here
[3.306s] [01m[K/workspace/ORB_SLAM3/Thirdparty/g2o/g2o/types/../core/base_vertex.h:62:72:[m[K [01;35m[Kwarning: [m[K‘[01m[KEigen::AlignedBit[m[K’ is deprecated [[01;35m[K-Wdeprecated-declarations[m[K]
[3.306s]    62 |     typedef Eigen::Map<Matrix<double, D, D>, Matrix<double,D,D>::[01;35m[KFlags & AlignedBit[m[K ? Aligned : Unaligned >  HessianBlockType;
[3.306s]       |                                                                  [01;35m[K~~~~~~^~~~~~~~~~~~[m[K
[3.306s] In file included from [01m[K/usr/include/eigen3/Eigen/Core:161[m[K,
[3.306s]                  from [01m[K/usr/include/eigen3/Eigen/LU:11[m[K,
[3.306s]                  from [01m[K/workspace/ORB_SLAM3/Thirdparty/Sophus/sophus/so2.hpp:12[m[K,
[3.306s]                  from [01m[K/workspace/ORB_SLAM3/Thirdparty/Sophus/sophus/se2.hpp:7[m[K,
[3.306s]                  from [01m[K/workspace/ORB_SLAM3/Thirdparty/Sophus/sophus/geometry.hpp:7[m[K,
[3.306s]                  from [01m[K/workspace/ORB_SLAM3/include/Frame.h:28[m[K,
[3.306s]                  from [01m[K/workspace/ORB_SLAM3/include/KeyFrame.h:28[m[K,
[3.306s]                  from [01m[K/workspace/ORB_SLAM3/include/MapPoint.h:23[m[K,
[3.306s]                  from [01m[K/workspace/ORB_SLAM3/include/FrameDrawer.h:24[m[K,
[3.306s]                  from [01m[K/workspace/ORB_SLAM3/include/Viewer.h:23[m[K,
[3.306s]                  from [01m[K/workspace/ORB_SLAM3/include/Tracking.h:26[m[K,
[3.307s]                  from [01m[K/workspace/ORB_SLAM3/include/System.h:31[m[K,
[3.307s]                  from [01m[K/workspace/ros2_ws/src/orbslam_ros2/src/rgbd_node.cpp:14[m[K:
[3.307s] [01m[K/usr/include/eigen3/Eigen/src/Core/util/Constants.h:167:37:[m[K [01;36m[Knote: [m[Kdeclared here
[3.307s]   167 | EIGEN_DEPRECATED const unsigned int [01;36m[KAlignedBit[m[K = 0x80;
[3.307s]       |                                     [01;36m[K^~~~~~~~~~[m[K
[3.319s] In file included from [01m[K/workspace/ORB_SLAM3/Thirdparty/g2o/g2o/types/types_six_dof_expmap.h:37[m[K,
[3.319s]                  from [01m[K/workspace/ORB_SLAM3/include/Converter.h:26[m[K,
[3.319s]                  from [01m[K/workspace/ORB_SLAM3/include/Frame.h:33[m[K,
[3.319s]                  from [01m[K/workspace/ORB_SLAM3/include/KeyFrame.h:28[m[K,
[3.319s]                  from [01m[K/workspace/ORB_SLAM3/include/MapPoint.h:23[m[K,
[3.319s]                  from [01m[K/workspace/ORB_SLAM3/include/FrameDrawer.h:24[m[K,
[3.319s]                  from [01m[K/workspace/ORB_SLAM3/include/Viewer.h:23[m[K,
[3.319s]                  from [01m[K/workspace/ORB_SLAM3/include/Tracking.h:26[m[K,
[3.319s]                  from [01m[K/workspace/ORB_SLAM3/include/System.h:31[m[K,
[3.319s]                  from [01m[K/workspace/ros2_ws/src/orbslam_ros2/src/rgbd_node.cpp:14[m[K:
[3.319s] /workspace/ORB_SLAM3/Thirdparty/g2o/g2o/types/../core/base_vertex.h: In instantiation of ‘[01m[Kclass g2o::BaseVertex<6, g2o::SE3Quat>[m[K’:
[3.319s] [01m[K/workspace/ORB_SLAM3/Thirdparty/g2o/g2o/types/types_six_dof_expmap.h:59:33:[m[K   required from here
[3.319s] [01m[K/workspace/ORB_SLAM3/Thirdparty/g2o/g2o/types/../core/base_vertex.h:62:72:[m[K [01;35m[Kwarning: [m[K‘[01m[KEigen::AlignedBit[m[K’ is deprecated [[01;35m[K-Wdeprecated-declarations[m[K]
[3.319s]    62 |     typedef Eigen::Map<Matrix<double, D, D>, Matrix<double,D,D>::[01;35m[KFlags & AlignedBit[m[K ? Aligned : Unaligned >  HessianBlockType;
[3.319s]       |                                                                  [01;35m[K~~~~~~^~~~~~~~~~~~[m[K
[3.319s] In file included from [01m[K/usr/include/eigen3/Eigen/Core:161[m[K,
[3.319s]                  from [01m[K/usr/include/eigen3/Eigen/LU:11[m[K,
[3.319s]                  from [01m[K/workspace/ORB_SLAM3/Thirdparty/Sophus/sophus/so2.hpp:12[m[K,
[3.319s]                  from [01m[K/workspace/ORB_SLAM3/Thirdparty/Sophus/sophus/se2.hpp:7[m[K,
[3.319s]                  from [01m[K/workspace/ORB_SLAM3/Thirdparty/Sophus/sophus/geometry.hpp:7[m[K,
[3.319s]                  from [01m[K/workspace/ORB_SLAM3/include/Frame.h:28[m[K,
[3.319s]                  from [01m[K/workspace/ORB_SLAM3/include/KeyFrame.h:28[m[K,
[3.319s]                  from [01m[K/workspace/ORB_SLAM3/include/MapPoint.h:23[m[K,
[3.319s]                  from [01m[K/workspace/ORB_SLAM3/include/FrameDrawer.h:24[m[K,
[3.319s]                  from [01m[K/workspace/ORB_SLAM3/include/Viewer.h:23[m[K,
[3.319s]                  from [01m[K/workspace/ORB_SLAM3/include/Tracking.h:26[m[K,
[3.319s]                  from [01m[K/workspace/ORB_SLAM3/include/System.h:31[m[K,
[3.319s]                  from [01m[K/workspace/ros2_ws/src/orbslam_ros2/src/rgbd_node.cpp:14[m[K:
[3.319s] [01m[K/usr/include/eigen3/Eigen/src/Core/util/Constants.h:167:37:[m[K [01;36m[Knote: [m[Kdeclared here
[3.319s]   167 | EIGEN_DEPRECATED const unsigned int [01;36m[KAlignedBit[m[K = 0x80;
[3.319s]       |                                     [01;36m[K^~~~~~~~~~[m[K
[3.333s] In file included from [01m[K/workspace/ORB_SLAM3/Thirdparty/g2o/g2o/types/types_six_dof_expmap.h:38[m[K,
[3.333s]                  from [01m[K/workspace/ORB_SLAM3/include/Converter.h:26[m[K,
[3.333s]                  from [01m[K/workspace/ORB_SLAM3/include/Frame.h:33[m[K,
[3.333s]                  from [01m[K/workspace/ORB_SLAM3/include/KeyFrame.h:28[m[K,
[3.333s]                  from [01m[K/workspace/ORB_SLAM3/include/MapPoint.h:23[m[K,
[3.333s]                  from [01m[K/workspace/ORB_SLAM3/include/FrameDrawer.h:24[m[K,
[3.333s]                  from [01m[K/workspace/ORB_SLAM3/include/Viewer.h:23[m[K,
[3.333s]                  from [01m[K/workspace/ORB_SLAM3/include/Tracking.h:26[m[K,
[3.333s]                  from [01m[K/workspace/ORB_SLAM3/include/System.h:31[m[K,
[3.333s]                  from [01m[K/workspace/ros2_ws/src/orbslam_ros2/src/rgbd_node.cpp:14[m[K:
[3.333s] /workspace/ORB_SLAM3/Thirdparty/g2o/g2o/types/../core/base_binary_edge.h: In instantiation of ‘[01m[Kclass g2o::BaseBinaryEdge<6, g2o::SE3Quat, g2o::VertexSE3Expmap, g2o::VertexSE3Expmap>[m[K’:
[3.333s] [01m[K/workspace/ORB_SLAM3/Thirdparty/g2o/g2o/types/types_six_dof_expmap.h:83:24:[m[K   required from here
[3.333s] [01m[K/workspace/ORB_SLAM3/Thirdparty/g2o/g2o/types/../core/base_binary_edge.h:59:80:[m[K [01;35m[Kwarning: [m[K‘[01m[KEigen::AlignedBit[m[K’ is deprecated [[01;35m[K-Wdeprecated-declarations[m[K]
[3.333s]    59 |       typedef Eigen::Map<Matrix<double, Di, Dj>, Matrix<double, Di, Dj>::[01;35m[KFlags & AlignedBit[m[K ? Aligned : Unaligned > HessianBlockType;
[3.333s]       |                                                                          [01;35m[K~~~~~~^~~~~~~~~~~~[m[K
[3.333s] In file included from [01m[K/usr/include/eigen3/Eigen/Core:161[m[K,
[3.333s]                  from [01m[K/usr/include/eigen3/Eigen/LU:11[m[K,
[3.333s]                  from [01m[K/workspace/ORB_SLAM3/Thirdparty/Sophus/sophus/so2.hpp:12[m[K,
[3.333s]                  from [01m[K/workspace/ORB_SLAM3/Thirdparty/Sophus/sophus/se2.hpp:7[m[K,
[3.333s]                  from [01m[K/workspace/ORB_SLAM3/Thirdparty/Sophus/sophus/geometry.hpp:7[m[K,
[3.333s]                  from [01m[K/workspace/ORB_SLAM3/include/Frame.h:28[m[K,
[3.333s]                  from [01m[K/workspace/ORB_SLAM3/include/KeyFrame.h:28[m[K,
[3.333s]                  from [01m[K/workspace/ORB_SLAM3/include/MapPoint.h:23[m[K,
[3.333s]                  from [01m[K/workspace/ORB_SLAM3/include/FrameDrawer.h:24[m[K,
[3.333s]                  from [01m[K/workspace/ORB_SLAM3/include/Viewer.h:23[m[K,
[3.333s]                  from [01m[K/workspace/ORB_SLAM3/include/Tracking.h:26[m[K,
[3.333s]                  from [01m[K/workspace/ORB_SLAM3/include/System.h:31[m[K,
[3.333s]                  from [01m[K/workspace/ros2_ws/src/orbslam_ros2/src/rgbd_node.cpp:14[m[K:
[3.333s] [01m[K/usr/include/eigen3/Eigen/src/Core/util/Constants.h:167:37:[m[K [01;36m[Knote: [m[Kdeclared here
[3.333s]   167 | EIGEN_DEPRECATED const unsigned int [01;36m[KAlignedBit[m[K = 0x80;
[3.333s]       |                                     [01;36m[K^~~~~~~~~~[m[K
[3.333s] In file included from [01m[K/workspace/ORB_SLAM3/Thirdparty/g2o/g2o/types/types_six_dof_expmap.h:38[m[K,
[3.333s]                  from [01m[K/workspace/ORB_SLAM3/include/Converter.h:26[m[K,
[3.334s]                  from [01m[K/workspace/ORB_SLAM3/include/Frame.h:33[m[K,
[3.334s]                  from [01m[K/workspace/ORB_SLAM3/include/KeyFrame.h:28[m[K,
[3.334s]                  from [01m[K/workspace/ORB_SLAM3/include/MapPoint.h:23[m[K,
[3.334s]                  from [01m[K/workspace/ORB_SLAM3/include/FrameDrawer.h:24[m[K,
[3.334s]                  from [01m[K/workspace/ORB_SLAM3/include/Viewer.h:23[m[K,
[3.334s]                  from [01m[K/workspace/ORB_SLAM3/include/Tracking.h:26[m[K,
[3.334s]                  from [01m[K/workspace/ORB_SLAM3/include/System.h:31[m[K,
[3.334s]                  from [01m[K/workspace/ros2_ws/src/orbslam_ros2/src/rgbd_node.cpp:14[m[K:
[3.334s] [01m[K/workspace/ORB_SLAM3/Thirdparty/g2o/g2o/types/../core/base_binary_edge.h:60:80:[m[K [01;35m[Kwarning: [m[K‘[01m[KEigen::AlignedBit[m[K’ is deprecated [[01;35m[K-Wdeprecated-declarations[m[K]
[3.334s]    60 |       typedef Eigen::Map<Matrix<double, Dj, Di>, Matrix<double, Dj, Di>::[01;35m[KFlags & AlignedBit[m[K ? Aligned : Unaligned > HessianBlockTransposedType;
[3.334s]       |                                                                          [01;35m[K~~~~~~^~~~~~~~~~~~[m[K
[3.334s] In file included from [01m[K/usr/include/eigen3/Eigen/Core:161[m[K,
[3.334s]                  from [01m[K/usr/include/eigen3/Eigen/LU:11[m[K,
[3.334s]                  from [01m[K/workspace/ORB_SLAM3/Thirdparty/Sophus/sophus/so2.hpp:12[m[K,
[3.334s]                  from [01m[K/workspace/ORB_SLAM3/Thirdparty/Sophus/sophus/se2.hpp:7[m[K,
[3.334s]                  from [01m[K/workspace/ORB_SLAM3/Thirdparty/Sophus/sophus/geometry.hpp:7[m[K,
[3.334s]                  from [01m[K/workspace/ORB_SLAM3/include/Frame.h:28[m[K,
[3.334s]                  from [01m[K/workspace/ORB_SLAM3/include/KeyFrame.h:28[m[K,
[3.334s]                  from [01m[K/workspace/ORB_SLAM3/include/MapPoint.h:23[m[K,
[3.334s]                  from [01m[K/workspace/ORB_SLAM3/include/FrameDrawer.h:24[m[K,
[3.334s]                  from [01m[K/workspace/ORB_SLAM3/include/Viewer.h:23[m[K,
[3.334s]                  from [01m[K/workspace/ORB_SLAM3/include/Tracking.h:26[m[K,
[3.334s]                  from [01m[K/workspace/ORB_SLAM3/include/System.h:31[m[K,
[3.334s]                  from [01m[K/workspace/ros2_ws/src/orbslam_ros2/src/rgbd_node.cpp:14[m[K:
[3.334s] [01m[K/usr/include/eigen3/Eigen/src/Core/util/Constants.h:167:37:[m[K [01;36m[Knote: [m[Kdeclared here
[3.334s]   167 | EIGEN_DEPRECATED const unsigned int [01;36m[KAlignedBit[m[K = 0x80;
[3.334s]       |                                     [01;36m[K^~~~~~~~~~[m[K
[3.363s] In file included from [01m[K/workspace/ORB_SLAM3/Thirdparty/g2o/g2o/types/types_six_dof_expmap.h:38[m[K,
[3.363s]                  from [01m[K/workspace/ORB_SLAM3/include/Converter.h:26[m[K,
[3.363s]                  from [01m[K/workspace/ORB_SLAM3/include/Frame.h:33[m[K,
[3.364s]                  from [01m[K/workspace/ORB_SLAM3/include/KeyFrame.h:28[m[K,
[3.364s]                  from [01m[K/workspace/ORB_SLAM3/include/MapPoint.h:23[m[K,
[3.364s]                  from [01m[K/workspace/ORB_SLAM3/include/FrameDrawer.h:24[m[K,
[3.364s]                  from [01m[K/workspace/ORB_SLAM3/include/Viewer.h:23[m[K,
[3.364s]                  from [01m[K/workspace/ORB_SLAM3/include/Tracking.h:26[m[K,
[3.364s]                  from [01m[K/workspace/ORB_SLAM3/include/System.h:31[m[K,
[3.364s]                  from [01m[K/workspace/ros2_ws/src/orbslam_ros2/src/rgbd_node.cpp:14[m[K:
[3.364s] /workspace/ORB_SLAM3/Thirdparty/g2o/g2o/types/../core/base_binary_edge.h: In instantiation of ‘[01m[Kclass g2o::BaseBinaryEdge<2, Eigen::Matrix<double, 2, 1>, g2o::VertexSBAPointXYZ, g2o::VertexSE3Expmap>[m[K’:
[3.364s] [01m[K/workspace/ORB_SLAM3/Thirdparty/g2o/g2o/types/types_six_dof_expmap.h:114:35:[m[K   required from here
[3.364s] [01m[K/workspace/ORB_SLAM3/Thirdparty/g2o/g2o/types/../core/base_binary_edge.h:59:80:[m[K [01;35m[Kwarning: [m[K‘[01m[KEigen::AlignedBit[m[K’ is deprecated [[01;35m[K-Wdeprecated-declarations[m[K]
[3.364s]    59 |       typedef Eigen::Map<Matrix<double, Di, Dj>, Matrix<double, Di, Dj>::[01;35m[KFlags & AlignedBit[m[K ? Aligned : Unaligned > HessianBlockType;
[3.364s]       |                                                                          [01;35m[K~~~~~~^~~~~~~~~~~~[m[K
[3.364s] In file included from [01m[K/usr/include/eigen3/Eigen/Core:161[m[K,
[3.364s]                  from [01m[K/usr/include/eigen3/Eigen/LU:11[m[K,
[3.364s]                  from [01m[K/workspace/ORB_SLAM3/Thirdparty/Sophus/sophus/so2.hpp:12[m[K,
[3.364s]                  from [01m[K/workspace/ORB_SLAM3/Thirdparty/Sophus/sophus/se2.hpp:7[m[K,
[3.364s]                  from [01m[K/workspace/ORB_SLAM3/Thirdparty/Sophus/sophus/geometry.hpp:7[m[K,
[3.364s]                  from [01m[K/workspace/ORB_SLAM3/include/Frame.h:28[m[K,
[3.364s]                  from [01m[K/workspace/ORB_SLAM3/include/KeyFrame.h:28[m[K,
[3.364s]                  from [01m[K/workspace/ORB_SLAM3/include/MapPoint.h:23[m[K,
[3.364s]                  from [01m[K/workspace/ORB_SLAM3/include/FrameDrawer.h:24[m[K,
[3.364s]                  from [01m[K/workspace/ORB_SLAM3/include/Viewer.h:23[m[K,
[3.364s]                  from [01m[K/workspace/ORB_SLAM3/include/Tracking.h:26[m[K,
[3.364s]                  from [01m[K/workspace/ORB_SLAM3/include/System.h:31[m[K,
[3.364s]                  from [01m[K/workspace/ros2_ws/src/orbslam_ros2/src/rgbd_node.cpp:14[m[K:
[3.364s] [01m[K/usr/include/eigen3/Eigen/src/Core/util/Constants.h:167:37:[m[K [01;36m[Knote: [m[Kdeclared here
[3.364s]   167 | EIGEN_DEPRECATED const unsigned int [01;36m[KAlignedBit[m[K = 0x80;
[3.364s]       |                                     [01;36m[K^~~~~~~~~~[m[K
[3.370s] In file included from [01m[K/workspace/ORB_SLAM3/Thirdparty/g2o/g2o/types/types_six_dof_expmap.h:38[m[K,
[3.370s]                  from [01m[K/workspace/ORB_SLAM3/include/Converter.h:26[m[K,
[3.370s]                  from [01m[K/workspace/ORB_SLAM3/include/Frame.h:33[m[K,
[3.370s]                  from [01m[K/workspace/ORB_SLAM3/include/KeyFrame.h:28[m[K,
[3.370s]                  from [01m[K/workspace/ORB_SLAM3/include/MapPoint.h:23[m[K,
[3.370s]                  from [01m[K/workspace/ORB_SLAM3/include/FrameDrawer.h:24[m[K,
[3.370s]                  from [01m[K/workspace/ORB_SLAM3/include/Viewer.h:23[m[K,
[3.370s]                  from [01m[K/workspace/ORB_SLAM3/include/Tracking.h:26[m[K,
[3.370s]                  from [01m[K/workspace/ORB_SLAM3/include/System.h:31[m[K,
[3.370s]                  from [01m[K/workspace/ros2_ws/src/orbslam_ros2/src/rgbd_node.cpp:14[m[K:
[3.370s] [01m[K/workspace/ORB_SLAM3/Thirdparty/g2o/g2o/types/../core/base_binary_edge.h:60:80:[m[K [01;35m[Kwarning: [m[K‘[01m[KEigen::AlignedBit[m[K’ is deprecated [[01;35m[K-Wdeprecated-declarations[m[K]
[3.370s]    60 |       typedef Eigen::Map<Matrix<double, Dj, Di>, Matrix<double, Dj, Di>::[01;35m[KFlags & AlignedBit[m[K ? Aligned : Unaligned > HessianBlockTransposedType;
[3.370s]       |                                                                          [01;35m[K~~~~~~^~~~~~~~~~~~[m[K
[3.370s] In file included from [01m[K/usr/include/eigen3/Eigen/Core:161[m[K,
[3.370s]                  from [01m[K/usr/include/eigen3/Eigen/LU:11[m[K,
[3.370s]                  from [01m[K/workspace/ORB_SLAM3/Thirdparty/Sophus/sophus/so2.hpp:12[m[K,
[3.370s]                  from [01m[K/workspace/ORB_SLAM3/Thirdparty/Sophus/sophus/se2.hpp:7[m[K,
[3.370s]                  from [01m[K/workspace/ORB_SLAM3/Thirdparty/Sophus/sophus/geometry.hpp:7[m[K,
[3.370s]                  from [01m[K/workspace/ORB_SLAM3/include/Frame.h:28[m[K,
[3.370s]                  from [01m[K/workspace/ORB_SLAM3/include/KeyFrame.h:28[m[K,
[3.370s]                  from [01m[K/workspace/ORB_SLAM3/include/MapPoint.h:23[m[K,
[3.370s]                  from [01m[K/workspace/ORB_SLAM3/include/FrameDrawer.h:24[m[K,
[3.370s]                  from [01m[K/workspace/ORB_SLAM3/include/Viewer.h:23[m[K,
[3.370s]                  from [01m[K/workspace/ORB_SLAM3/include/Tracking.h:26[m[K,
[3.370s]                  from [01m[K/workspace/ORB_SLAM3/include/System.h:31[m[K,
[3.370s]                  from [01m[K/workspace/ros2_ws/src/orbslam_ros2/src/rgbd_node.cpp:14[m[K:
[3.370s] [01m[K/usr/include/eigen3/Eigen/src/Core/util/Constants.h:167:37:[m[K [01;36m[Knote: [m[Kdeclared here
[3.370s]   167 | EIGEN_DEPRECATED const unsigned int [01;36m[KAlignedBit[m[K = 0x80;
[3.370s]       |                                     [01;36m[K^~~~~~~~~~[m[K
[3.395s] In file included from [01m[K/workspace/ORB_SLAM3/Thirdparty/g2o/g2o/types/types_six_dof_expmap.h:38[m[K,
[3.396s]                  from [01m[K/workspace/ORB_SLAM3/include/Converter.h:26[m[K,
[3.396s]                  from [01m[K/workspace/ORB_SLAM3/include/Frame.h:33[m[K,
[3.396s]                  from [01m[K/workspace/ORB_SLAM3/include/KeyFrame.h:28[m[K,
[3.396s]                  from [01m[K/workspace/ORB_SLAM3/include/MapPoint.h:23[m[K,
[3.396s]                  from [01m[K/workspace/ORB_SLAM3/include/FrameDrawer.h:24[m[K,
[3.396s]                  from [01m[K/workspace/ORB_SLAM3/include/Viewer.h:23[m[K,
[3.396s]                  from [01m[K/workspace/ORB_SLAM3/include/Tracking.h:26[m[K,
[3.396s]                  from [01m[K/workspace/ORB_SLAM3/include/System.h:31[m[K,
[3.396s]                  from [01m[K/workspace/ros2_ws/src/orbslam_ros2/src/rgbd_node.cpp:14[m[K:
[3.396s] /workspace/ORB_SLAM3/Thirdparty/g2o/g2o/types/../core/base_binary_edge.h: In instantiation of ‘[01m[Kclass g2o::BaseBinaryEdge<3, Eigen::Matrix<double, 3, 1>, g2o::VertexSBAPointXYZ, g2o::VertexSE3Expmap>[m[K’:
[3.396s] [01m[K/workspace/ORB_SLAM3/Thirdparty/g2o/g2o/types/types_six_dof_expmap.h:146:41:[m[K   required from here
[3.396s] [01m[K/workspace/ORB_SLAM3/Thirdparty/g2o/g2o/types/../core/base_binary_edge.h:59:80:[m[K [01;35m[Kwarning: [m[K‘[01m[KEigen::AlignedBit[m[K’ is deprecated [[01;35m[K-Wdeprecated-declarations[m[K]
[3.396s]    59 |       typedef Eigen::Map<Matrix<double, Di, Dj>, Matrix<double, Di, Dj>::[01;35m[KFlags & AlignedBit[m[K ? Aligned : Unaligned > HessianBlockType;
[3.396s]       |                                                                          [01;35m[K~~~~~~^~~~~~~~~~~~[m[K
[3.396s] In file included from [01m[K/usr/include/eigen3/Eigen/Core:161[m[K,
[3.396s]                  from [01m[K/usr/include/eigen3/Eigen/LU:11[m[K,
[3.396s]                  from [01m[K/workspace/ORB_SLAM3/Thirdparty/Sophus/sophus/so2.hpp:12[m[K,
[3.396s]                  from [01m[K/workspace/ORB_SLAM3/Thirdparty/Sophus/sophus/se2.hpp:7[m[K,
[3.396s]                  from [01m[K/workspace/ORB_SLAM3/Thirdparty/Sophus/sophus/geometry.hpp:7[m[K,
[3.396s]                  from [01m[K/workspace/ORB_SLAM3/include/Frame.h:28[m[K,
[3.396s]                  from [01m[K/workspace/ORB_SLAM3/include/KeyFrame.h:28[m[K,
[3.396s]                  from [01m[K/workspace/ORB_SLAM3/include/MapPoint.h:23[m[K,
[3.396s]                  from [01m[K/workspace/ORB_SLAM3/include/FrameDrawer.h:24[m[K,
[3.396s]                  from [01m[K/workspace/ORB_SLAM3/include/Viewer.h:23[m[K,
[3.396s]                  from [01m[K/workspace/ORB_SLAM3/include/Tracking.h:26[m[K,
[3.396s]                  from [01m[K/workspace/ORB_SLAM3/include/System.h:31[m[K,
[3.396s]                  from [01m[K/workspace/ros2_ws/src/orbslam_ros2/src/rgbd_node.cpp:14[m[K:
[3.396s] [01m[K/usr/include/eigen3/Eigen/src/Core/util/Constants.h:167:37:[m[K [01;36m[Knote: [m[Kdeclared here
[3.396s]   167 | EIGEN_DEPRECATED const unsigned int [01;36m[KAlignedBit[m[K = 0x80;
[3.396s]       |                                     [01;36m[K^~~~~~~~~~[m[K
[3.396s] In file included from [01m[K/workspace/ORB_SLAM3/Thirdparty/g2o/g2o/types/types_six_dof_expmap.h:38[m[K,
[3.396s]                  from [01m[K/workspace/ORB_SLAM3/include/Converter.h:26[m[K,
[3.396s]                  from [01m[K/workspace/ORB_SLAM3/include/Frame.h:33[m[K,
[3.396s]                  from [01m[K/workspace/ORB_SLAM3/include/KeyFrame.h:28[m[K,
[3.397s]                  from [01m[K/workspace/ORB_SLAM3/include/MapPoint.h:23[m[K,
[3.397s]                  from [01m[K/workspace/ORB_SLAM3/include/FrameDrawer.h:24[m[K,
[3.397s]                  from [01m[K/workspace/ORB_SLAM3/include/Viewer.h:23[m[K,
[3.397s]                  from [01m[K/workspace/ORB_SLAM3/include/Tracking.h:26[m[K,
[3.397s]                  from [01m[K/workspace/ORB_SLAM3/include/System.h:31[m[K,
[3.397s]                  from [01m[K/workspace/ros2_ws/src/orbslam_ros2/src/rgbd_node.cpp:14[m[K:
[3.397s] [01m[K/workspace/ORB_SLAM3/Thirdparty/g2o/g2o/types/../core/base_binary_edge.h:60:80:[m[K [01;35m[Kwarning: [m[K‘[01m[KEigen::AlignedBit[m[K’ is deprecated [[01;35m[K-Wdeprecated-declarations[m[K]
[3.397s]    60 |       typedef Eigen::Map<Matrix<double, Dj, Di>, Matrix<double, Dj, Di>::[01;35m[KFlags & AlignedBit[m[K ? Aligned : Unaligned > HessianBlockTransposedType;
[3.397s]       |                                                                          [01;35m[K~~~~~~^~~~~~~~~~~~[m[K
[3.397s] In file included from [01m[K/usr/include/eigen3/Eigen/Core:161[m[K,
[3.397s]                  from [01m[K/usr/include/eigen3/Eigen/LU:11[m[K,
[3.397s]                  from [01m[K/workspace/ORB_SLAM3/Thirdparty/Sophus/sophus/so2.hpp:12[m[K,
[3.397s]                  from [01m[K/workspace/ORB_SLAM3/Thirdparty/Sophus/sophus/se2.hpp:7[m[K,
[3.397s]                  from [01m[K/workspace/ORB_SLAM3/Thirdparty/Sophus/sophus/geometry.hpp:7[m[K,
[3.397s]                  from [01m[K/workspace/ORB_SLAM3/include/Frame.h:28[m[K,
[3.397s]                  from [01m[K/workspace/ORB_SLAM3/include/KeyFrame.h:28[m[K,
[3.397s]                  from [01m[K/workspace/ORB_SLAM3/include/MapPoint.h:23[m[K,
[3.397s]                  from [01m[K/workspace/ORB_SLAM3/include/FrameDrawer.h:24[m[K,
[3.397s]                  from [01m[K/workspace/ORB_SLAM3/include/Viewer.h:23[m[K,
[3.397s]                  from [01m[K/workspace/ORB_SLAM3/include/Tracking.h:26[m[K,
[3.397s]                  from [01m[K/workspace/ORB_SLAM3/include/System.h:31[m[K,
[3.397s]                  from [01m[K/workspace/ros2_ws/src/orbslam_ros2/src/rgbd_node.cpp:14[m[K:
[3.397s] [01m[K/usr/include/eigen3/Eigen/src/Core/util/Constants.h:167:37:[m[K [01;36m[Knote: [m[Kdeclared here
[3.397s]   167 | EIGEN_DEPRECATED const unsigned int [01;36m[KAlignedBit[m[K = 0x80;
[3.397s]       |                                     [01;36m[K^~~~~~~~~~[m[K
[3.486s] In file included from [01m[K/workspace/ORB_SLAM3/Thirdparty/g2o/g2o/types/types_six_dof_expmap.h:37[m[K,
[3.486s]                  from [01m[K/workspace/ORB_SLAM3/include/Converter.h:26[m[K,
[3.486s]                  from [01m[K/workspace/ORB_SLAM3/include/Frame.h:33[m[K,
[3.486s]                  from [01m[K/workspace/ORB_SLAM3/include/KeyFrame.h:28[m[K,
[3.486s]                  from [01m[K/workspace/ORB_SLAM3/include/MapPoint.h:23[m[K,
[3.486s]                  from [01m[K/workspace/ORB_SLAM3/include/FrameDrawer.h:24[m[K,
[3.486s]                  from [01m[K/workspace/ORB_SLAM3/include/Viewer.h:23[m[K,
[3.486s]                  from [01m[K/workspace/ORB_SLAM3/include/Tracking.h:26[m[K,
[3.486s]                  from [01m[K/workspace/ORB_SLAM3/include/System.h:31[m[K,
[3.486s]                  from [01m[K/workspace/ros2_ws/src/orbslam_ros2/src/rgbd_node.cpp:14[m[K:
[3.487s] /workspace/ORB_SLAM3/Thirdparty/g2o/g2o/types/../core/base_vertex.h: In instantiation of ‘[01m[Kclass g2o::BaseVertex<7, g2o::Sim3>[m[K’:
[3.487s] [01m[K/workspace/ORB_SLAM3/Thirdparty/g2o/g2o/types/types_seven_dof_expmap.h:48:35:[m[K   required from here
[3.487s] [01m[K/workspace/ORB_SLAM3/Thirdparty/g2o/g2o/types/../core/base_vertex.h:62:72:[m[K [01;35m[Kwarning: [m[K‘[01m[KEigen::AlignedBit[m[K’ is deprecated [[01;35m[K-Wdeprecated-declarations[m[K]
[3.487s]    62 |     typedef Eigen::Map<Matrix<double, D, D>, Matrix<double,D,D>::[01;35m[KFlags & AlignedBit[m[K ? Aligned : Unaligned >  HessianBlockType;
[3.487s]       |                                                                  [01;35m[K~~~~~~^~~~~~~~~~~~[m[K
[3.487s] In file included from [01m[K/usr/include/eigen3/Eigen/Core:161[m[K,
[3.487s]                  from [01m[K/usr/include/eigen3/Eigen/LU:11[m[K,
[3.487s]                  from [01m[K/workspace/ORB_SLAM3/Thirdparty/Sophus/sophus/so2.hpp:12[m[K,
[3.487s]                  from [01m[K/workspace/ORB_SLAM3/Thirdparty/Sophus/sophus/se2.hpp:7[m[K,
[3.487s]                  from [01m[K/workspace/ORB_SLAM3/Thirdparty/Sophus/sophus/geometry.hpp:7[m[K,
[3.487s]                  from [01m[K/workspace/ORB_SLAM3/include/Frame.h:28[m[K,
[3.487s]                  from [01m[K/workspace/ORB_SLAM3/include/KeyFrame.h:28[m[K,
[3.487s]                  from [01m[K/workspace/ORB_SLAM3/include/MapPoint.h:23[m[K,
[3.487s]                  from [01m[K/workspace/ORB_SLAM3/include/FrameDrawer.h:24[m[K,
[3.487s]                  from [01m[K/workspace/ORB_SLAM3/include/Viewer.h:23[m[K,
[3.487s]                  from [01m[K/workspace/ORB_SLAM3/include/Tracking.h:26[m[K,
[3.487s]                  from [01m[K/workspace/ORB_SLAM3/include/System.h:31[m[K,
[3.487s]                  from [01m[K/workspace/ros2_ws/src/orbslam_ros2/src/rgbd_node.cpp:14[m[K:
[3.487s] [01m[K/usr/include/eigen3/Eigen/src/Core/util/Constants.h:167:37:[m[K [01;36m[Knote: [m[Kdeclared here
[3.487s]   167 | EIGEN_DEPRECATED const unsigned int [01;36m[KAlignedBit[m[K = 0x80;
[3.487s]       |                                     [01;36m[K^~~~~~~~~~[m[K
[3.500s] In file included from [01m[K/workspace/ORB_SLAM3/Thirdparty/g2o/g2o/types/types_six_dof_expmap.h:38[m[K,
[3.500s]                  from [01m[K/workspace/ORB_SLAM3/include/Converter.h:26[m[K,
[3.501s]                  from [01m[K/workspace/ORB_SLAM3/include/Frame.h:33[m[K,
[3.501s]                  from [01m[K/workspace/ORB_SLAM3/include/KeyFrame.h:28[m[K,
[3.501s]                  from [01m[K/workspace/ORB_SLAM3/include/MapPoint.h:23[m[K,
[3.501s]                  from [01m[K/workspace/ORB_SLAM3/include/FrameDrawer.h:24[m[K,
[3.501s]                  from [01m[K/workspace/ORB_SLAM3/include/Viewer.h:23[m[K,
[3.501s]                  from [01m[K/workspace/ORB_SLAM3/include/Tracking.h:26[m[K,
[3.501s]                  from [01m[K/workspace/ORB_SLAM3/include/System.h:31[m[K,
[3.501s]                  from [01m[K/workspace/ros2_ws/src/orbslam_ros2/src/rgbd_node.cpp:14[m[K:
[3.501s] /workspace/ORB_SLAM3/Thirdparty/g2o/g2o/types/../core/base_binary_edge.h: In instantiation of ‘[01m[Kclass g2o::BaseBinaryEdge<7, g2o::Sim3, g2o::VertexSim3Expmap, g2o::VertexSim3Expmap>[m[K’:
[3.501s] [01m[K/workspace/ORB_SLAM3/Thirdparty/g2o/g2o/types/types_seven_dof_expmap.h:99:27:[m[K   required from here
[3.501s] [01m[K/workspace/ORB_SLAM3/Thirdparty/g2o/g2o/types/../core/base_binary_edge.h:59:80:[m[K [01;35m[Kwarning: [m[K‘[01m[KEigen::AlignedBit[m[K’ is deprecated [[01;35m[K-Wdeprecated-declarations[m[K]
[3.501s]    59 |       typedef Eigen::Map<Matrix<double, Di, Dj>, Matrix<double, Di, Dj>::[01;35m[KFlags & AlignedBit[m[K ? Aligned : Unaligned > HessianBlockType;
[3.501s]       |                                                                          [01;35m[K~~~~~~^~~~~~~~~~~~[m[K
[3.501s] In file included from [01m[K/usr/include/eigen3/Eigen/Core:161[m[K,
[3.501s]                  from [01m[K/usr/include/eigen3/Eigen/LU:11[m[K,
[3.501s]                  from [01m[K/workspace/ORB_SLAM3/Thirdparty/Sophus/sophus/so2.hpp:12[m[K,
[3.501s]                  from [01m[K/workspace/ORB_SLAM3/Thirdparty/Sophus/sophus/se2.hpp:7[m[K,
[3.501s]                  from [01m[K/workspace/ORB_SLAM3/Thirdparty/Sophus/sophus/geometry.hpp:7[m[K,
[3.501s]                  from [01m[K/workspace/ORB_SLAM3/include/Frame.h:28[m[K,
[3.501s]                  from [01m[K/workspace/ORB_SLAM3/include/KeyFrame.h:28[m[K,
[3.501s]                  from [01m[K/workspace/ORB_SLAM3/include/MapPoint.h:23[m[K,
[3.501s]                  from [01m[K/workspace/ORB_SLAM3/include/FrameDrawer.h:24[m[K,
[3.501s]                  from [01m[K/workspace/ORB_SLAM3/include/Viewer.h:23[m[K,
[3.501s]                  from [01m[K/workspace/ORB_SLAM3/include/Tracking.h:26[m[K,
[3.501s]                  from [01m[K/workspace/ORB_SLAM3/include/System.h:31[m[K,
[3.501s]                  from [01m[K/workspace/ros2_ws/src/orbslam_ros2/src/rgbd_node.cpp:14[m[K:
[3.501s] [01m[K/usr/include/eigen3/Eigen/src/Core/util/Constants.h:167:37:[m[K [01;36m[Knote: [m[Kdeclared here
[3.501s]   167 | EIGEN_DEPRECATED const unsigned int [01;36m[KAlignedBit[m[K = 0x80;
[3.501s]       |                                     [01;36m[K^~~~~~~~~~[m[K
[3.501s] In file included from [01m[K/workspace/ORB_SLAM3/Thirdparty/g2o/g2o/types/types_six_dof_expmap.h:38[m[K,
[3.501s]                  from [01m[K/workspace/ORB_SLAM3/include/Converter.h:26[m[K,
[3.501s]                  from [01m[K/workspace/ORB_SLAM3/include/Frame.h:33[m[K,
[3.501s]                  from [01m[K/workspace/ORB_SLAM3/include/KeyFrame.h:28[m[K,
[3.501s]                  from [01m[K/workspace/ORB_SLAM3/include/MapPoint.h:23[m[K,
[3.501s]                  from [01m[K/workspace/ORB_SLAM3/include/FrameDrawer.h:24[m[K,
[3.501s]                  from [01m[K/workspace/ORB_SLAM3/include/Viewer.h:23[m[K,
[3.501s]                  from [01m[K/workspace/ORB_SLAM3/include/Tracking.h:26[m[K,
[3.501s]                  from [01m[K/workspace/ORB_SLAM3/include/System.h:31[m[K,
[3.501s]                  from [01m[K/workspace/ros2_ws/src/orbslam_ros2/src/rgbd_node.cpp:14[m[K:
[3.501s] [01m[K/workspace/ORB_SLAM3/Thirdparty/g2o/g2o/types/../core/base_binary_edge.h:60:80:[m[K [01;35m[Kwarning: [m[K‘[01m[KEigen::AlignedBit[m[K’ is deprecated [[01;35m[K-Wdeprecated-declarations[m[K]
[3.501s]    60 |       typedef Eigen::Map<Matrix<double, Dj, Di>, Matrix<double, Dj, Di>::[01;35m[KFlags & AlignedBit[m[K ? Aligned : Unaligned > HessianBlockTransposedType;
[3.501s]       |                                                                          [01;35m[K~~~~~~^~~~~~~~~~~~[m[K
[3.501s] In file included from [01m[K/usr/include/eigen3/Eigen/Core:161[m[K,
[3.501s]                  from [01m[K/usr/include/eigen3/Eigen/LU:11[m[K,
[3.501s]                  from [01m[K/workspace/ORB_SLAM3/Thirdparty/Sophus/sophus/so2.hpp:12[m[K,
[3.501s]                  from [01m[K/workspace/ORB_SLAM3/Thirdparty/Sophus/sophus/se2.hpp:7[m[K,
[3.501s]                  from [01m[K/workspace/ORB_SLAM3/Thirdparty/Sophus/sophus/geometry.hpp:7[m[K,
[3.502s]                  from [01m[K/workspace/ORB_SLAM3/include/Frame.h:28[m[K,
[3.502s]                  from [01m[K/workspace/ORB_SLAM3/include/KeyFrame.h:28[m[K,
[3.502s]                  from [01m[K/workspace/ORB_SLAM3/include/MapPoint.h:23[m[K,
[3.502s]                  from [01m[K/workspace/ORB_SLAM3/include/FrameDrawer.h:24[m[K,
[3.502s]                  from [01m[K/workspace/ORB_SLAM3/include/Viewer.h:23[m[K,
[3.502s]                  from [01m[K/workspace/ORB_SLAM3/include/Tracking.h:26[m[K,
[3.502s]                  from [01m[K/workspace/ORB_SLAM3/include/System.h:31[m[K,
[3.502s]                  from [01m[K/workspace/ros2_ws/src/orbslam_ros2/src/rgbd_node.cpp:14[m[K:
[3.502s] [01m[K/usr/include/eigen3/Eigen/src/Core/util/Constants.h:167:37:[m[K [01;36m[Knote: [m[Kdeclared here
[3.502s]   167 | EIGEN_DEPRECATED const unsigned int [01;36m[KAlignedBit[m[K = 0x80;
[3.502s]       |                                     [01;36m[K^~~~~~~~~~[m[K
[3.519s] In file included from [01m[K/workspace/ORB_SLAM3/Thirdparty/g2o/g2o/types/types_six_dof_expmap.h:38[m[K,
[3.519s]                  from [01m[K/workspace/ORB_SLAM3/include/Converter.h:26[m[K,
[3.519s]                  from [01m[K/workspace/ORB_SLAM3/include/Frame.h:33[m[K,
[3.520s]                  from [01m[K/workspace/ORB_SLAM3/include/KeyFrame.h:28[m[K,
[3.520s]                  from [01m[K/workspace/ORB_SLAM3/include/MapPoint.h:23[m[K,
[3.520s]                  from [01m[K/workspace/ORB_SLAM3/include/FrameDrawer.h:24[m[K,
[3.520s]                  from [01m[K/workspace/ORB_SLAM3/include/Viewer.h:23[m[K,
[3.520s]                  from [01m[K/workspace/ORB_SLAM3/include/Tracking.h:26[m[K,
[3.520s]                  from [01m[K/workspace/ORB_SLAM3/include/System.h:31[m[K,
[3.520s]                  from [01m[K/workspace/ros2_ws/src/orbslam_ros2/src/rgbd_node.cpp:14[m[K:
[3.520s] /workspace/ORB_SLAM3/Thirdparty/g2o/g2o/types/../core/base_binary_edge.h: In instantiation of ‘[01m[Kclass g2o::BaseBinaryEdge<2, Eigen::Matrix<double, 2, 1>, g2o::VertexSBAPointXYZ, g2o::VertexSim3Expmap>[m[K’:
[3.520s] [01m[K/workspace/ORB_SLAM3/Thirdparty/g2o/g2o/types/types_seven_dof_expmap.h:130:36:[m[K   required from here
[3.520s] [01m[K/workspace/ORB_SLAM3/Thirdparty/g2o/g2o/types/../core/base_binary_edge.h:59:80:[m[K [01;35m[Kwarning: [m[K‘[01m[KEigen::AlignedBit[m[K’ is deprecated [[01;35m[K-Wdeprecated-declarations[m[K]
[3.520s]    59 |       typedef Eigen::Map<Matrix<double, Di, Dj>, Matrix<double, Di, Dj>::[01;35m[KFlags & AlignedBit[m[K ? Aligned : Unaligned > HessianBlockType;
[3.520s]       |                                                                          [01;35m[K~~~~~~^~~~~~~~~~~~[m[K
[3.520s] In file included from [01m[K/usr/include/eigen3/Eigen/Core:161[m[K,
[3.520s]                  from [01m[K/usr/include/eigen3/Eigen/LU:11[m[K,
[3.520s]                  from [01m[K/workspace/ORB_SLAM3/Thirdparty/Sophus/sophus/so2.hpp:12[m[K,
[3.520s]                  from [01m[K/workspace/ORB_SLAM3/Thirdparty/Sophus/sophus/se2.hpp:7[m[K,
[3.520s]                  from [01m[K/workspace/ORB_SLAM3/Thirdparty/Sophus/sophus/geometry.hpp:7[m[K,
[3.520s]                  from [01m[K/workspace/ORB_SLAM3/include/Frame.h:28[m[K,
[3.520s]                  from [01m[K/workspace/ORB_SLAM3/include/KeyFrame.h:28[m[K,
[3.520s]                  from [01m[K/workspace/ORB_SLAM3/include/MapPoint.h:23[m[K,
[3.520s]                  from [01m[K/workspace/ORB_SLAM3/include/FrameDrawer.h:24[m[K,
[3.520s]                  from [01m[K/workspace/ORB_SLAM3/include/Viewer.h:23[m[K,
[3.520s]                  from [01m[K/workspace/ORB_SLAM3/include/Tracking.h:26[m[K,
[3.520s]                  from [01m[K/workspace/ORB_SLAM3/include/System.h:31[m[K,
[3.520s]                  from [01m[K/workspace/ros2_ws/src/orbslam_ros2/src/rgbd_node.cpp:14[m[K:
[3.520s] [01m[K/usr/include/eigen3/Eigen/src/Core/util/Constants.h:167:37:[m[K [01;36m[Knote: [m[Kdeclared here
[3.520s]   167 | EIGEN_DEPRECATED const unsigned int [01;36m[KAlignedBit[m[K = 0x80;
[3.520s]       |                                     [01;36m[K^~~~~~~~~~[m[K
[3.526s] In file included from [01m[K/workspace/ORB_SLAM3/Thirdparty/g2o/g2o/types/types_six_dof_expmap.h:38[m[K,
[3.526s]                  from [01m[K/workspace/ORB_SLAM3/include/Converter.h:26[m[K,
[3.526s]                  from [01m[K/workspace/ORB_SLAM3/include/Frame.h:33[m[K,
[3.526s]                  from [01m[K/workspace/ORB_SLAM3/include/KeyFrame.h:28[m[K,
[3.526s]                  from [01m[K/workspace/ORB_SLAM3/include/MapPoint.h:23[m[K,
[3.526s]                  from [01m[K/workspace/ORB_SLAM3/include/FrameDrawer.h:24[m[K,
[3.526s]                  from [01m[K/workspace/ORB_SLAM3/include/Viewer.h:23[m[K,
[3.526s]                  from [01m[K/workspace/ORB_SLAM3/include/Tracking.h:26[m[K,
[3.526s]                  from [01m[K/workspace/ORB_SLAM3/include/System.h:31[m[K,
[3.526s]                  from [01m[K/workspace/ros2_ws/src/orbslam_ros2/src/rgbd_node.cpp:14[m[K:
[3.526s] [01m[K/workspace/ORB_SLAM3/Thirdparty/g2o/g2o/types/../core/base_binary_edge.h:60:80:[m[K [01;35m[Kwarning: [m[K‘[01m[KEigen::AlignedBit[m[K’ is deprecated [[01;35m[K-Wdeprecated-declarations[m[K]
[3.526s]    60 |       typedef Eigen::Map<Matrix<double, Dj, Di>, Matrix<double, Dj, Di>::[01;35m[KFlags & AlignedBit[m[K ? Aligned : Unaligned > HessianBlockTransposedType;
[3.526s]       |                                                                          [01;35m[K~~~~~~^~~~~~~~~~~~[m[K
[3.526s] In file included from [01m[K/usr/include/eigen3/Eigen/Core:161[m[K,
[3.526s]                  from [01m[K/usr/include/eigen3/Eigen/LU:11[m[K,
[3.526s]                  from [01m[K/workspace/ORB_SLAM3/Thirdparty/Sophus/sophus/so2.hpp:12[m[K,
[3.526s]                  from [01m[K/workspace/ORB_SLAM3/Thirdparty/Sophus/sophus/se2.hpp:7[m[K,
[3.526s]                  from [01m[K/workspace/ORB_SLAM3/Thirdparty/Sophus/sophus/geometry.hpp:7[m[K,
[3.526s]                  from [01m[K/workspace/ORB_SLAM3/include/Frame.h:28[m[K,
[3.526s]                  from [01m[K/workspace/ORB_SLAM3/include/KeyFrame.h:28[m[K,
[3.526s]                  from [01m[K/workspace/ORB_SLAM3/include/MapPoint.h:23[m[K,
[3.527s]                  from [01m[K/workspace/ORB_SLAM3/include/FrameDrawer.h:24[m[K,
[3.527s]                  from [01m[K/workspace/ORB_SLAM3/include/Viewer.h:23[m[K,
[3.527s]                  from [01m[K/workspace/ORB_SLAM3/include/Tracking.h:26[m[K,
[3.527s]                  from [01m[K/workspace/ORB_SLAM3/include/System.h:31[m[K,
[3.527s]                  from [01m[K/workspace/ros2_ws/src/orbslam_ros2/src/rgbd_node.cpp:14[m[K:
[3.527s] [01m[K/usr/include/eigen3/Eigen/src/Core/util/Constants.h:167:37:[m[K [01;36m[Knote: [m[Kdeclared here
[3.527s]   167 | EIGEN_DEPRECATED const unsigned int [01;36m[KAlignedBit[m[K = 0x80;
[3.527s]       |                                     [01;36m[K^~~~~~~~~~[m[K
[4.103s] In file included from [01m[K/workspace/ORB_SLAM3/include/Atlas.h:26[m[K,
[4.103s]                  from [01m[K/workspace/ORB_SLAM3/include/FrameDrawer.h:25[m[K,
[4.103s]                  from [01m[K/workspace/ORB_SLAM3/include/Viewer.h:23[m[K,
[4.103s]                  from [01m[K/workspace/ORB_SLAM3/include/Tracking.h:26[m[K,
[4.103s]                  from [01m[K/workspace/ORB_SLAM3/include/System.h:31[m[K,
[4.103s]                  from [01m[K/workspace/ros2_ws/src/orbslam_ros2/src/rgbd_node.cpp:14[m[K:
[4.103s] [01m[K/workspace/ORB_SLAM3/include/CameraModels/Pinhole.h:[m[K In member function ‘[01m[Kvirtual bool ORB_SLAM3::Pinhole::matchAndtriangulate(const cv::KeyPoint&, const cv::KeyPoint&, ORB_SLAM3::GeometricCamera*, Sophus::SE3f&, Sophus::SE3f&, float, float, Eigen::Vector3f&)[m[K’:
[4.103s] [01m[K/workspace/ORB_SLAM3/include/CameraModels/Pinhole.h:83:54:[m[K [01;35m[Kwarning: [m[Kunused parameter ‘[01m[Kkp1[m[K’ [[01;35m[K-Wunused-parameter[m[K]
[4.103s]    83 |         bool matchAndtriangulate([01;35m[Kconst cv::KeyPoint& kp1[m[K, const cv::KeyPoint& kp2, GeometricCamera* pOther,
[4.103s]       |                                  [01;35m[K~~~~~~~~~~~~~~~~~~~~^~~[m[K
[4.103s] [01m[K/workspace/ORB_SLAM3/include/CameraModels/Pinhole.h:83:79:[m[K [01;35m[Kwarning: [m[Kunused parameter ‘[01m[Kkp2[m[K’ [[01;35m[K-Wunused-parameter[m[K]
[4.103s]    83 |         bool matchAndtriangulate(const cv::KeyPoint& kp1, [01;35m[Kconst cv::KeyPoint& kp2[m[K, GeometricCamera* pOther,
[4.103s]       |                                                           [01;35m[K~~~~~~~~~~~~~~~~~~~~^~~[m[K
[4.103s] [01m[K/workspace/ORB_SLAM3/include/CameraModels/Pinhole.h:83:101:[m[K [01;35m[Kwarning: [m[Kunused parameter ‘[01m[KpOther[m[K’ [[01;35m[K-Wunused-parameter[m[K]
[4.103s]    83 |         bool matchAndtriangulate(const cv::KeyPoint& kp1, const cv::KeyPoint& kp2, [01;35m[KGeometricCamera* pOther[m[K,
[4.103s]       |                                                                                    [01;35m[K~~~~~~~~~~~~~~~~~^~~~~~[m[K
[4.103s] [01m[K/workspace/ORB_SLAM3/include/CameraModels/Pinhole.h:84:48:[m[K [01;35m[Kwarning: [m[Kunused parameter ‘[01m[KTcw1[m[K’ [[01;35m[K-Wunused-parameter[m[K]
[4.104s]    84 |                                  [01;35m[KSophus::SE3f& Tcw1[m[K, Sophus::SE3f& Tcw2,
[4.104s]       |                                  [01;35m[K~~~~~~~~~~~~~~^~~~[m[K
[4.104s] [01m[K/workspace/ORB_SLAM3/include/CameraModels/Pinhole.h:84:68:[m[K [01;35m[Kwarning: [m[Kunused parameter ‘[01m[KTcw2[m[K’ [[01;35m[K-Wunused-parameter[m[K]
[4.104s]    84 |                                  Sophus::SE3f& Tcw1, [01;35m[KSophus::SE3f& Tcw2[m[K,
[4.104s]       |                                                      [01;35m[K~~~~~~~~~~~~~~^~~~[m[K
[4.104s] [01m[K/workspace/ORB_SLAM3/include/CameraModels/Pinhole.h:85:46:[m[K [01;35m[Kwarning: [m[Kunused parameter ‘[01m[KsigmaLevel1[m[K’ [[01;35m[K-Wunused-parameter[m[K]
[4.104s]    85 |                                  [01;35m[Kconst float sigmaLevel1[m[K, const float sigmaLevel2,
[4.104s]       |                                  [01;35m[K~~~~~~~~~~~~^~~~~~~~~~~[m[K
[4.104s] [01m[K/workspace/ORB_SLAM3/include/CameraModels/Pinhole.h:85:71:[m[K [01;35m[Kwarning: [m[Kunused parameter ‘[01m[KsigmaLevel2[m[K’ [[01;35m[K-Wunused-parameter[m[K]
[4.104s]    85 |                                  const float sigmaLevel1, [01;35m[Kconst float sigmaLevel2[m[K,
[4.104s]       |                                                           [01;35m[K~~~~~~~~~~~~^~~~~~~~~~~[m[K
[4.104s] [01m[K/workspace/ORB_SLAM3/include/CameraModels/Pinhole.h:86:51:[m[K [01;35m[Kwarning: [m[Kunused parameter ‘[01m[Kx3Dtriangulated[m[K’ [[01;35m[K-Wunused-parameter[m[K]
[4.104s]    86 |                                  [01;35m[KEigen::Vector3f& x3Dtriangulated[m[K) { return false;}
[4.104s]       |                                  [01;35m[K~~~~~~~~~~~~~~~~~^~~~~~~~~~~~~~~[m[K
[4.104s] In file included from [01m[K/workspace/ORB_SLAM3/include/Atlas.h:27[m[K,
[4.104s]                  from [01m[K/workspace/ORB_SLAM3/include/FrameDrawer.h:25[m[K,
[4.104s]                  from [01m[K/workspace/ORB_SLAM3/include/Viewer.h:23[m[K,
[4.104s]                  from [01m[K/workspace/ORB_SLAM3/include/Tracking.h:26[m[K,
[4.104s]                  from [01m[K/workspace/ORB_SLAM3/include/System.h:31[m[K,
[4.104s]                  from [01m[K/workspace/ros2_ws/src/orbslam_ros2/src/rgbd_node.cpp:14[m[K:
[4.104s] [01m[K/workspace/ORB_SLAM3/include/CameraModels/KannalaBrandt8.h:[m[K In constructor ‘[01m[KORB_SLAM3::KannalaBrandt8::KannalaBrandt8(std::vector<float>)[m[K’:
[4.104s] [01m[K/workspace/ORB_SLAM3/include/CameraModels/KannalaBrandt8.h:102:21:[m[K [01;35m[Kwarning: [m[K‘[01m[KORB_SLAM3::KannalaBrandt8::precision[m[K’ will be initialized after [[01;35m[K-Wreorder[m[K]
[4.104s]   102 |         const float [01;35m[Kprecision[m[K;
[4.104s]       |                     [01;35m[K^~~~~~~~~[m[K
[4.104s] [01m[K/workspace/ORB_SLAM3/include/CameraModels/KannalaBrandt8.h:88:26:[m[K [01;35m[Kwarning: [m[K  ‘[01m[Kstd::vector<int> ORB_SLAM3::KannalaBrandt8::mvLappingArea[m[K’ [[01;35m[K-Wreorder[m[K]
[4.104s]    88 |         std::vector<int> [01;35m[KmvLappingArea[m[K;
[4.104s]       |                          [01;35m[K^~~~~~~~~~~~~[m[K
[4.104s] In file included from [01m[K/workspace/ORB_SLAM3/include/Atlas.h:27[m[K,
[4.104s]                  from [01m[K/workspace/ORB_SLAM3/include/FrameDrawer.h:25[m[K,
[4.104s]                  from [01m[K/workspace/ORB_SLAM3/include/Viewer.h:23[m[K,
[4.104s]                  from [01m[K/workspace/ORB_SLAM3/include/Tracking.h:26[m[K,
[4.104s]                  from [01m[K/workspace/ORB_SLAM3/include/System.h:31[m[K,
[4.104s]                  from [01m[K/workspace/ros2_ws/src/orbslam_ros2/src/rgbd_node.cpp:14[m[K:
[4.104s] [01m[K/workspace/ORB_SLAM3/include/CameraModels/KannalaBrandt8.h:47:9:[m[K [01;35m[Kwarning: [m[K  when initialized here [[01;35m[K-Wreorder[m[K]
[4.104s]    47 |         [01;35m[KKannalaBrandt8[m[K(const std::vector<float> _vParameters) : GeometricCamera(_vParameters), precision(1e-6), mvLappingArea(2,0) ,tvr(nullptr) {
[4.104s]       |         [01;35m[K^~~~~~~~~~~~~~[m[K
[4.104s] In file included from [01m[K/workspace/ORB_SLAM3/include/Atlas.h:27[m[K,
[4.104s]                  from [01m[K/workspace/ORB_SLAM3/include/FrameDrawer.h:25[m[K,
[4.104s]                  from [01m[K/workspace/ORB_SLAM3/include/Viewer.h:23[m[K,
[4.104s]                  from [01m[K/workspace/ORB_SLAM3/include/Tracking.h:26[m[K,
[4.104s]                  from [01m[K/workspace/ORB_SLAM3/include/System.h:31[m[K,
[4.104s]                  from [01m[K/workspace/ros2_ws/src/orbslam_ros2/src/rgbd_node.cpp:14[m[K:
[4.104s] [01m[K/workspace/ORB_SLAM3/include/CameraModels/KannalaBrandt8.h:[m[K In constructor ‘[01m[KORB_SLAM3::KannalaBrandt8::KannalaBrandt8(std::vector<float>, float)[m[K’:
[4.104s] [01m[K/workspace/ORB_SLAM3/include/CameraModels/KannalaBrandt8.h:102:21:[m[K [01;35m[Kwarning: [m[K‘[01m[KORB_SLAM3::KannalaBrandt8::precision[m[K’ will be initialized after [[01;35m[K-Wreorder[m[K]
[4.105s]   102 |         const float [01;35m[Kprecision[m[K;
[4.105s]       |                     [01;35m[K^~~~~~~~~[m[K
[4.105s] [01m[K/workspace/ORB_SLAM3/include/CameraModels/KannalaBrandt8.h:88:26:[m[K [01;35m[Kwarning: [m[K  ‘[01m[Kstd::vector<int> ORB_SLAM3::KannalaBrandt8::mvLappingArea[m[K’ [[01;35m[K-Wreorder[m[K]
[4.105s]    88 |         std::vector<int> [01;35m[KmvLappingArea[m[K;
[4.105s]       |                          [01;35m[K^~~~~~~~~~~~~[m[K
[4.105s] [01m[K/workspace/ORB_SLAM3/include/CameraModels/KannalaBrandt8.h:53:9:[m[K [01;35m[Kwarning: [m[K  when initialized here [[01;35m[K-Wreorder[m[K]
[4.105s]    53 |         [01;35m[KKannalaBrandt8[m[K(const std::vector<float> _vParameters, const float _precision) : GeometricCamera(_vParameters),
[4.105s]       |         [01;35m[K^~~~~~~~~~~~~~[m[K
[4.105s] [01m[K/workspace/ORB_SLAM3/include/CameraModels/KannalaBrandt8.h:[m[K In constructor ‘[01m[KORB_SLAM3::KannalaBrandt8::KannalaBrandt8(ORB_SLAM3::KannalaBrandt8*)[m[K’:
[4.105s] [01m[K/workspace/ORB_SLAM3/include/CameraModels/KannalaBrandt8.h:102:21:[m[K [01;35m[Kwarning: [m[K‘[01m[KORB_SLAM3::KannalaBrandt8::precision[m[K’ will be initialized after [[01;35m[K-Wreorder[m[K]
[4.105s]   102 |         const float [01;35m[Kprecision[m[K;
[4.105s]       |                     [01;35m[K^~~~~~~~~[m[K
[4.105s] [01m[K/workspace/ORB_SLAM3/include/CameraModels/KannalaBrandt8.h:88:26:[m[K [01;35m[Kwarning: [m[K  ‘[01m[Kstd::vector<int> ORB_SLAM3::KannalaBrandt8::mvLappingArea[m[K’ [[01;35m[K-Wreorder[m[K]
[4.105s]    88 |         std::vector<int> [01;35m[KmvLappingArea[m[K;
[4.105s]       |                          [01;35m[K^~~~~~~~~~~~~[m[K
[4.105s] [01m[K/workspace/ORB_SLAM3/include/CameraModels/KannalaBrandt8.h:59:9:[m[K [01;35m[Kwarning: [m[K  when initialized here [[01;35m[K-Wreorder[m[K]
[4.105s]    59 |         [01;35m[KKannalaBrandt8[m[K(KannalaBrandt8* pKannala) : GeometricCamera(pKannala->mvParameters), precision(pKannala->precision), mvLappingArea(2,0) ,tvr(nullptr) {
[4.105s]       |         [01;35m[K^~~~~~~~~~~~~~[m[K
[10.613s] [100%] [32m[1mLinking CXX executable rgbd_node[0m
[11.182s] [100%] Built target rgbd_node
[11.197s] Invoked command in '/workspace/ros2_ws/build/orbslam_ros2' returned '0': CMAKE_PREFIX_PATH=/opt/ros/humble /usr/bin/cmake --build /workspace/ros2_ws/build/orbslam_ros2 -- -j32 -l32
[11.203s] Invoking command in '/workspace/ros2_ws/build/orbslam_ros2': CMAKE_PREFIX_PATH=/opt/ros/humble /usr/bin/cmake --install /workspace/ros2_ws/build/orbslam_ros2
[11.207s] -- Install configuration: ""
[11.207s] -- Execute custom install script
[11.207s] -- Up-to-date symlink: /workspace/ros2_ws/install/orbslam_ros2/lib/orbslam_ros2/rgbd_node
[11.208s] -- Up-to-date symlink: /workspace/ros2_ws/install/orbslam_ros2/share/ament_index/resource_index/package_run_dependencies/orbslam_ros2
[11.208s] -- Up-to-date symlink: /workspace/ros2_ws/install/orbslam_ros2/share/ament_index/resource_index/parent_prefix_path/orbslam_ros2
[11.208s] -- Up-to-date symlink: /workspace/ros2_ws/install/orbslam_ros2/share/orbslam_ros2/environment/ament_prefix_path.sh
[11.208s] -- Up-to-date symlink: /workspace/ros2_ws/install/orbslam_ros2/share/orbslam_ros2/environment/ament_prefix_path.dsv
[11.208s] -- Up-to-date symlink: /workspace/ros2_ws/install/orbslam_ros2/share/orbslam_ros2/environment/path.sh
[11.208s] -- Up-to-date symlink: /workspace/ros2_ws/install/orbslam_ros2/share/orbslam_ros2/environment/path.dsv
[11.209s] -- Up-to-date symlink: /workspace/ros2_ws/install/orbslam_ros2/share/orbslam_ros2/local_setup.bash
[11.209s] -- Up-to-date symlink: /workspace/ros2_ws/install/orbslam_ros2/share/orbslam_ros2/local_setup.sh
[11.209s] -- Up-to-date symlink: /workspace/ros2_ws/install/orbslam_ros2/share/orbslam_ros2/local_setup.zsh
[11.209s] -- Up-to-date symlink: /workspace/ros2_ws/install/orbslam_ros2/share/orbslam_ros2/local_setup.dsv
[11.209s] -- Symlinking: /workspace/ros2_ws/install/orbslam_ros2/share/orbslam_ros2/package.dsv
[11.214s] -- Up-to-date symlink: /workspace/ros2_ws/install/orbslam_ros2/share/ament_index/resource_index/packages/orbslam_ros2
[11.214s] -- Up-to-date symlink: /workspace/ros2_ws/install/orbslam_ros2/share/orbslam_ros2/cmake/orbslam_ros2Config.cmake
[11.214s] -- Up-to-date symlink: /workspace/ros2_ws/install/orbslam_ros2/share/orbslam_ros2/cmake/orbslam_ros2Config-version.cmake
[11.214s] -- Up-to-date symlink: /workspace/ros2_ws/install/orbslam_ros2/share/orbslam_ros2/package.xml
[11.215s] Invoked command in '/workspace/ros2_ws/build/orbslam_ros2' returned '0': CMAKE_PREFIX_PATH=/opt/ros/humble /usr/bin/cmake --install /workspace/ros2_ws/build/orbslam_ros2
