[0.006s] Invoking command in '/workspace/ros2_ws/build/orbslam_ros2': CMAKE_PREFIX_PATH=/opt/ros/humble /usr/bin/cmake --build /workspace/ros2_ws/build/orbslam_ros2 -- -j32 -l32
[0.027s] -- Found ament_cmake: 1.3.14 (/opt/ros/humble/share/ament_cmake/cmake)
[0.090s] -- Override CMake install command with custom implementation using symlinks instead of copying resources
[0.095s] -- Found rclcpp: 16.0.19 (/opt/ros/humble/share/rclcpp/cmake)
[0.111s] -- Found rosidl_generator_c: 3.1.8 (/opt/ros/humble/share/rosidl_generator_c/cmake)
[0.112s] -- Found rosidl_adapter: 3.1.8 (/opt/ros/humble/share/rosidl_adapter/cmake)
[0.116s] -- Found rosidl_generator_cpp: 3.1.8 (/opt/ros/humble/share/rosidl_generator_cpp/cmake)
[0.121s] -- Using all available rosidl_typesupport_c: rosidl_typesupport_fastrtps_c;rosidl_typesupport_introspection_c
[0.128s] -- Using all available rosidl_typesupport_cpp: rosidl_typesupport_fastrtps_cpp;rosidl_typesupport_introspection_cpp
[0.146s] -- Found rmw_implementation_cmake: 6.1.2 (/opt/ros/humble/share/rmw_implementation_cmake/cmake)
[0.146s] -- Found rmw_fastrtps_cpp: 6.2.10 (/opt/ros/humble/share/rmw_fastrtps_cpp/cmake)
[0.208s] -- Using RMW implementation 'rmw_fastrtps_cpp' as default
[0.235s] -- Found sensor_msgs: 4.9.1 (/opt/ros/humble/share/sensor_msgs/cmake)
[0.252s] -- Found nav_msgs: 4.9.1 (/opt/ros/humble/share/nav_msgs/cmake)
[0.261s] -- Found tf2: 0.25.20 (/opt/ros/humble/share/tf2/cmake)
[0.263s] -- Found tf2_ros: 0.25.20 (/opt/ros/humble/share/tf2_ros/cmake)
[0.306s] -- Found cv_bridge: 3.2.1 (/opt/ros/humble/share/cv_bridge/cmake)
[0.311s] -- Found image_transport: 3.1.12 (/opt/ros/humble/share/image_transport/cmake)
[0.323s] [33mCMake Warning (dev) at /usr/share/cmake-3.22/Modules/FindOpenGL.cmake:315 (message):
[0.323s]   Policy CMP0072 is not set: FindOpenGL prefers GLVND by default when
[0.323s]   available.  Run "cmake --help-policy CMP0072" for policy details.  Use the
[0.323s]   cmake_policy command to set the policy and suppress this warning.
[0.323s] 
[0.323s]   FindOpenGL found both a legacy GL library:
[0.323s] 
[0.323s]     OPENGL_gl_LIBRARY: /usr/lib/x86_64-linux-gnu/libGL.so
[0.323s] 
[0.323s]   and GLVND libraries for OpenGL and GLX:
[0.323s] 
[0.323s]     OPENGL_opengl_LIBRARY: /usr/lib/x86_64-linux-gnu/libOpenGL.so
[0.323s]     OPENGL_glx_LIBRARY: /usr/lib/x86_64-linux-gnu/libGLX.so
[0.323s] 
[0.323s]   OpenGL_GL_PREFERENCE has not been set to "GLVND" or "LEGACY", so for
[0.323s]   compatibility with CMake 3.10 and below the legacy GL library will be used.
[0.323s] Call Stack (most recent call first):
[0.323s]   CMakeLists.txt:24 (find_package)
[0.323s] This warning is for project developers.  Use -Wno-dev to suppress it.
[0.323s] [0m
[0.350s] [31mCMake Error at CMakeLists.txt:26 (find_package):
[0.350s]   By not providing "FindPangolin.cmake" in CMAKE_MODULE_PATH this project has
[0.350s]   asked CMake to find a package configuration file provided by "Pangolin",
[0.350s]   but CMake did not find one.
[0.350s] 
[0.350s]   Could not find a package configuration file provided by "Pangolin" with any
[0.350s]   of the following names:
[0.350s] 
[0.350s]     PangolinConfig.cmake
[0.350s]     pangolin-config.cmake
[0.350s] 
[0.350s]   Add the installation prefix of "Pangolin" to CMAKE_PREFIX_PATH or set
[0.350s]   "Pangolin_DIR" to a directory containing one of the above files.  If
[0.350s]   "Pangolin" provides a separate development package or SDK, be sure it has
[0.350s]   been installed.
[0.350s] 
[0.350s] [0m
[0.350s] -- Configuring incomplete, errors occurred!
[0.350s] See also "/workspace/ros2_ws/build/orbslam_ros2/CMakeFiles/CMakeOutput.log".
[0.355s] gmake: *** [Makefile:267: cmake_check_build_system] Error 1
[0.357s] Invoked command in '/workspace/ros2_ws/build/orbslam_ros2' returned '2': CMAKE_PREFIX_PATH=/opt/ros/humble /usr/bin/cmake --build /workspace/ros2_ws/build/orbslam_ros2 -- -j32 -l32
