-- Found ament_cmake: 1.3.14 (/opt/ros/humble/share/ament_cmake/cmake)
-- Override CMake install command with custom implementation using symlinks instead of copying resources
-- Found rclcpp: 16.0.19 (/opt/ros/humble/share/rclcpp/cmake)
-- Found rosidl_generator_c: 3.1.8 (/opt/ros/humble/share/rosidl_generator_c/cmake)
-- Found rosidl_adapter: 3.1.8 (/opt/ros/humble/share/rosidl_adapter/cmake)
-- Found rosidl_generator_cpp: 3.1.8 (/opt/ros/humble/share/rosidl_generator_cpp/cmake)
-- Using all available rosidl_typesupport_c: rosidl_typesupport_fastrtps_c;rosidl_typesupport_introspection_c
-- Using all available rosidl_typesupport_cpp: rosidl_typesupport_fastrtps_cpp;rosidl_typesupport_introspection_cpp
-- Found rmw_implementation_cmake: 6.1.2 (/opt/ros/humble/share/rmw_implementation_cmake/cmake)
-- Found rmw_fastrtps_cpp: 6.2.10 (/opt/ros/humble/share/rmw_fastrtps_cpp/cmake)
-- Using RMW implementation 'rmw_fastrtps_cpp' as default
-- Found sensor_msgs: 4.9.1 (/opt/ros/humble/share/sensor_msgs/cmake)
-- Found nav_msgs: 4.9.1 (/opt/ros/humble/share/nav_msgs/cmake)
-- Found tf2: 0.25.20 (/opt/ros/humble/share/tf2/cmake)
-- Found tf2_ros: 0.25.20 (/opt/ros/humble/share/tf2_ros/cmake)
-- Found cv_bridge: 3.2.1 (/opt/ros/humble/share/cv_bridge/cmake)
-- Found image_transport: 3.1.12 (/opt/ros/humble/share/image_transport/cmake)
-- Configuring done
-- Generating done
-- Build files have been written to: /workspace/ros2_ws/build/orbslam_ros2
[ 50%] [32mBuilding CXX object CMakeFiles/rgbd_node.dir/src/rgbd_node.cpp.o[0m
In file included from [01m[K/workspace/ORB_SLAM3/include/Frame.h:30[m[K,
                 from [01m[K/workspace/ORB_SLAM3/include/KeyFrame.h:28[m[K,
                 from [01m[K/workspace/ORB_SLAM3/include/MapPoint.h:23[m[K,
                 from [01m[K/workspace/ORB_SLAM3/include/FrameDrawer.h:24[m[K,
                 from [01m[K/workspace/ORB_SLAM3/include/Viewer.h:23[m[K,
                 from [01m[K/workspace/ORB_SLAM3/include/Tracking.h:26[m[K,
                 from [01m[K/workspace/ORB_SLAM3/include/System.h:31[m[K,
                 from [01m[K/workspace/ros2_ws/src/orbslam_ros2/src/rgbd_node.cpp:14[m[K:
[01m[K/workspace/ORB_SLAM3/include/ImuTypes.h:29:10:[m[K [01;31m[Kfatal error: [m[Ksophus/se3.hpp: No such file or directory
   29 | #include [01;31m[K<sophus/se3.hpp>[m[K
      |          [01;31m[K^~~~~~~~~~~~~~~~[m[K
compilation terminated.
gmake[2]: *** [CMakeFiles/rgbd_node.dir/build.make:76: CMakeFiles/rgbd_node.dir/src/rgbd_node.cpp.o] Error 1
gmake[1]: *** [CMakeFiles/Makefile2:137: CMakeFiles/rgbd_node.dir/all] Error 2
gmake: *** [Makefile:146: all] Error 2
