[0.006s] Invoking command in '/workspace/ros2_ws/build/orbslam_ros2': CMAKE_PREFIX_PATH=/opt/ros/humble /usr/bin/cmake --build /workspace/ros2_ws/build/orbslam_ros2 -- -j32 -l32
[0.026s] -- Found ament_cmake: 1.3.14 (/opt/ros/humble/share/ament_cmake/cmake)
[0.089s] -- Override CMake install command with custom implementation using symlinks instead of copying resources
[0.093s] -- Found rclcpp: 16.0.19 (/opt/ros/humble/share/rclcpp/cmake)
[0.110s] -- Found rosidl_generator_c: 3.1.8 (/opt/ros/humble/share/rosidl_generator_c/cmake)
[0.111s] -- Found rosidl_adapter: 3.1.8 (/opt/ros/humble/share/rosidl_adapter/cmake)
[0.114s] -- Found rosidl_generator_cpp: 3.1.8 (/opt/ros/humble/share/rosidl_generator_cpp/cmake)
[0.120s] -- Using all available rosidl_typesupport_c: rosidl_typesupport_fastrtps_c;rosidl_typesupport_introspection_c
[0.126s] -- Using all available rosidl_typesupport_cpp: rosidl_typesupport_fastrtps_cpp;rosidl_typesupport_introspection_cpp
[0.144s] -- Found rmw_implementation_cmake: 6.1.2 (/opt/ros/humble/share/rmw_implementation_cmake/cmake)
[0.145s] -- Found rmw_fastrtps_cpp: 6.2.10 (/opt/ros/humble/share/rmw_fastrtps_cpp/cmake)
[0.208s] -- Using RMW implementation 'rmw_fastrtps_cpp' as default
[0.235s] -- Found sensor_msgs: 4.9.1 (/opt/ros/humble/share/sensor_msgs/cmake)
[0.250s] -- Found nav_msgs: 4.9.1 (/opt/ros/humble/share/nav_msgs/cmake)
[0.258s] -- Found tf2: 0.25.20 (/opt/ros/humble/share/tf2/cmake)
[0.261s] -- Found tf2_ros: 0.25.20 (/opt/ros/humble/share/tf2_ros/cmake)
[0.302s] -- Found cv_bridge: 3.2.1 (/opt/ros/humble/share/cv_bridge/cmake)
[0.307s] -- Found image_transport: 3.1.12 (/opt/ros/humble/share/image_transport/cmake)
[0.359s] -- Configuring done
[0.371s] -- Generating done
[0.374s] -- Build files have been written to: /workspace/ros2_ws/build/orbslam_ros2
[0.398s] [ 50%] [32mBuilding CXX object CMakeFiles/rgbd_node.dir/src/rgbd_node.cpp.o[0m
[0.866s] In file included from [01m[K/workspace/ORB_SLAM3/include/Frame.h:30[m[K,
[0.866s]                  from [01m[K/workspace/ORB_SLAM3/include/KeyFrame.h:28[m[K,
[0.866s]                  from [01m[K/workspace/ORB_SLAM3/include/MapPoint.h:23[m[K,
[0.866s]                  from [01m[K/workspace/ORB_SLAM3/include/FrameDrawer.h:24[m[K,
[0.866s]                  from [01m[K/workspace/ORB_SLAM3/include/Viewer.h:23[m[K,
[0.866s]                  from [01m[K/workspace/ORB_SLAM3/include/Tracking.h:26[m[K,
[0.866s]                  from [01m[K/workspace/ORB_SLAM3/include/System.h:31[m[K,
[0.866s]                  from [01m[K/workspace/ros2_ws/src/orbslam_ros2/src/rgbd_node.cpp:14[m[K:
[0.867s] [01m[K/workspace/ORB_SLAM3/include/ImuTypes.h:29:10:[m[K [01;31m[Kfatal error: [m[Ksophus/se3.hpp: No such file or directory
[0.867s]    29 | #include [01;31m[K<sophus/se3.hpp>[m[K
[0.867s]       |          [01;31m[K^~~~~~~~~~~~~~~~[m[K
[0.867s] compilation terminated.
[0.873s] gmake[2]: *** [CMakeFiles/rgbd_node.dir/build.make:76: CMakeFiles/rgbd_node.dir/src/rgbd_node.cpp.o] Error 1
[0.873s] gmake[1]: *** [CMakeFiles/Makefile2:137: CMakeFiles/rgbd_node.dir/all] Error 2
[0.873s] gmake: *** [Makefile:146: all] Error 2
[0.875s] Invoked command in '/workspace/ros2_ws/build/orbslam_ros2' returned '2': CMAKE_PREFIX_PATH=/opt/ros/humble /usr/bin/cmake --build /workspace/ros2_ws/build/orbslam_ros2 -- -j32 -l32
