[0.005s] Invoking command in '/workspace/ros2_ws/build/orbslam_ros2': CMAKE_PREFIX_PATH=/opt/ros/humble /usr/bin/cmake --build /workspace/ros2_ws/build/orbslam_ros2 -- -j32 -l32
[0.024s] -- Found ament_cmake: 1.3.14 (/opt/ros/humble/share/ament_cmake/cmake)
[0.087s] -- Override CMake install command with custom implementation using symlinks instead of copying resources
[0.092s] -- Found rclcpp: 16.0.19 (/opt/ros/humble/share/rclcpp/cmake)
[0.107s] -- Found rosidl_generator_c: 3.1.8 (/opt/ros/humble/share/rosidl_generator_c/cmake)
[0.109s] -- Found rosidl_adapter: 3.1.8 (/opt/ros/humble/share/rosidl_adapter/cmake)
[0.113s] -- Found rosidl_generator_cpp: 3.1.8 (/opt/ros/humble/share/rosidl_generator_cpp/cmake)
[0.118s] -- Using all available rosidl_typesupport_c: rosidl_typesupport_fastrtps_c;rosidl_typesupport_introspection_c
[0.125s] -- Using all available rosidl_typesupport_cpp: rosidl_typesupport_fastrtps_cpp;rosidl_typesupport_introspection_cpp
[0.143s] -- Found rmw_implementation_cmake: 6.1.2 (/opt/ros/humble/share/rmw_implementation_cmake/cmake)
[0.144s] -- Found rmw_fastrtps_cpp: 6.2.10 (/opt/ros/humble/share/rmw_fastrtps_cpp/cmake)
[0.207s] -- Using RMW implementation 'rmw_fastrtps_cpp' as default
[0.233s] -- Found sensor_msgs: 4.9.1 (/opt/ros/humble/share/sensor_msgs/cmake)
[0.248s] -- Found nav_msgs: 4.9.1 (/opt/ros/humble/share/nav_msgs/cmake)
[0.257s] -- Found tf2: 0.25.20 (/opt/ros/humble/share/tf2/cmake)
[0.259s] -- Found tf2_ros: 0.25.20 (/opt/ros/humble/share/tf2_ros/cmake)
[0.301s] -- Found cv_bridge: 3.2.1 (/opt/ros/humble/share/cv_bridge/cmake)
[0.306s] -- Found image_transport: 3.1.12 (/opt/ros/humble/share/image_transport/cmake)
[0.319s] [33mCMake Warning (dev) at /usr/share/cmake-3.22/Modules/FindOpenGL.cmake:315 (message):
[0.319s]   Policy CMP0072 is not set: FindOpenGL prefers GLVND by default when
[0.319s]   available.  Run "cmake --help-policy CMP0072" for policy details.  Use the
[0.319s]   cmake_policy command to set the policy and suppress this warning.
[0.319s] 
[0.319s]   FindOpenGL found both a legacy GL library:
[0.319s] 
[0.319s]     OPENGL_gl_LIBRARY: /usr/lib/x86_64-linux-gnu/libGL.so
[0.320s] 
[0.320s]   and GLVND libraries for OpenGL and GLX:
[0.320s] 
[0.320s]     OPENGL_opengl_LIBRARY: /usr/lib/x86_64-linux-gnu/libOpenGL.so
[0.320s]     OPENGL_glx_LIBRARY: /usr/lib/x86_64-linux-gnu/libGLX.so
[0.320s] 
[0.320s]   OpenGL_GL_PREFERENCE has not been set to "GLVND" or "LEGACY", so for
[0.320s]   compatibility with CMake 3.10 and below the legacy GL library will be used.
[0.320s] Call Stack (most recent call first):
[0.320s]   CMakeLists.txt:24 (find_package)
[0.320s] This warning is for project developers.  Use -Wno-dev to suppress it.
[0.320s] [0m
[0.382s] -- Configuring done
[0.387s] [31mCMake Error at CMakeLists.txt:52 (add_executable):
[0.387s]   Target "rgbd_node" links to target "Pangolin::pangolin" but the target was
[0.388s]   not found.  Perhaps a find_package() call is missing for an IMPORTED
[0.388s]   target, or an ALIAS target is missing?
[0.388s] 
[0.388s] [0m
[0.394s] -- Generating done
[0.395s] [0mCMake Generate step failed.  Build files cannot be regenerated correctly.[0m
[0.400s] gmake: *** [Makefile:267: cmake_check_build_system] Error 1
[0.402s] Invoked command in '/workspace/ros2_ws/build/orbslam_ros2' returned '2': CMAKE_PREFIX_PATH=/opt/ros/humble /usr/bin/cmake --build /workspace/ros2_ws/build/orbslam_ros2 -- -j32 -l32
