-- Found ament_cmake: 1.3.14 (/opt/ros/humble/share/ament_cmake/cmake)
-- Override CMake install command with custom implementation using symlinks instead of copying resources
-- Found rclcpp: 16.0.19 (/opt/ros/humble/share/rclcpp/cmake)
-- Found rosidl_generator_c: 3.1.8 (/opt/ros/humble/share/rosidl_generator_c/cmake)
-- Found rosidl_adapter: 3.1.8 (/opt/ros/humble/share/rosidl_adapter/cmake)
-- Found rosidl_generator_cpp: 3.1.8 (/opt/ros/humble/share/rosidl_generator_cpp/cmake)
-- Using all available rosidl_typesupport_c: rosidl_typesupport_fastrtps_c;rosidl_typesupport_introspection_c
-- Using all available rosidl_typesupport_cpp: rosidl_typesupport_fastrtps_cpp;rosidl_typesupport_introspection_cpp
-- Found rmw_implementation_cmake: 6.1.2 (/opt/ros/humble/share/rmw_implementation_cmake/cmake)
-- Found rmw_fastrtps_cpp: 6.2.10 (/opt/ros/humble/share/rmw_fastrtps_cpp/cmake)
-- Using RMW implementation 'rmw_fastrtps_cpp' as default
-- Found sensor_msgs: 4.9.1 (/opt/ros/humble/share/sensor_msgs/cmake)
-- Found nav_msgs: 4.9.1 (/opt/ros/humble/share/nav_msgs/cmake)
-- Found tf2: 0.25.20 (/opt/ros/humble/share/tf2/cmake)
-- Found tf2_ros: 0.25.20 (/opt/ros/humble/share/tf2_ros/cmake)
-- Found cv_bridge: 3.2.1 (/opt/ros/humble/share/cv_bridge/cmake)
-- Found image_transport: 3.1.12 (/opt/ros/humble/share/image_transport/cmake)
-- Configuring done
-- Generating done
-- Build files have been written to: /workspace/ros2_ws/build/orbslam_ros2
[35m[1mConsolidate compiler generated dependencies of target rgbd_node[0m
[ 50%] [32mBuilding CXX object CMakeFiles/rgbd_node.dir/src/rgbd_node.cpp.o[0m
[100%] [32m[1mLinking CXX executable rgbd_node[0m
[100%] Built target rgbd_node
-- Install configuration: ""
-- Execute custom install script
-- Symlinking: /workspace/ros2_ws/install/orbslam_ros2/lib/orbslam_ros2/rgbd_node
-- Symlinking: /workspace/ros2_ws/install/orbslam_ros2/share/ament_index/resource_index/package_run_dependencies/orbslam_ros2
-- Symlinking: /workspace/ros2_ws/install/orbslam_ros2/share/ament_index/resource_index/parent_prefix_path/orbslam_ros2
-- Symlinking: /workspace/ros2_ws/install/orbslam_ros2/share/orbslam_ros2/environment/ament_prefix_path.sh
-- Symlinking: /workspace/ros2_ws/install/orbslam_ros2/share/orbslam_ros2/environment/ament_prefix_path.dsv
-- Symlinking: /workspace/ros2_ws/install/orbslam_ros2/share/orbslam_ros2/environment/path.sh
-- Symlinking: /workspace/ros2_ws/install/orbslam_ros2/share/orbslam_ros2/environment/path.dsv
-- Symlinking: /workspace/ros2_ws/install/orbslam_ros2/share/orbslam_ros2/local_setup.bash
-- Symlinking: /workspace/ros2_ws/install/orbslam_ros2/share/orbslam_ros2/local_setup.sh
-- Symlinking: /workspace/ros2_ws/install/orbslam_ros2/share/orbslam_ros2/local_setup.zsh
-- Symlinking: /workspace/ros2_ws/install/orbslam_ros2/share/orbslam_ros2/local_setup.dsv
-- Symlinking: /workspace/ros2_ws/install/orbslam_ros2/share/orbslam_ros2/package.dsv
-- Symlinking: /workspace/ros2_ws/install/orbslam_ros2/share/ament_index/resource_index/packages/orbslam_ros2
-- Symlinking: /workspace/ros2_ws/install/orbslam_ros2/share/orbslam_ros2/cmake/orbslam_ros2Config.cmake
-- Symlinking: /workspace/ros2_ws/install/orbslam_ros2/share/orbslam_ros2/cmake/orbslam_ros2Config-version.cmake
-- Symlinking: /workspace/ros2_ws/install/orbslam_ros2/share/orbslam_ros2/package.xml
